<?xml version="1.0" encoding="UTF-8" standalone="no"?>
<testsuite failures="1" name="cucumber.runtime.formatter.JUnitFormatter" skipped="0" tests="1" time="149.508591">
<testcase classname="user is applying job on www.naukri.com" name=": Verify that user is able to search  job and appy job" time="149.508591">
<failure message="org.openqa.selenium.WebDriverException: chrome not reachable&#10;  (Session info: chrome=69.0.3497.100)&#10;  (Driver info: chromedriver=2.42.591071 (0b695ff80972cc1a65a5cd643186d2ae582cd4ac),platform=Linux 4.15.0-36-generic x86_64) (WARNING: The server did not provide any stacktrace information)&#10;Command duration or timeout: 0 milliseconds&#10;Build info: version: '3.14.0', revision: 'aacccce0', time: '2018-08-02T20:19:58.91Z'&#10;System info: host: 'Critical', ip: '127.0.1.1', os.name: 'Linux', os.arch: 'amd64', os.version: '4.15.0-36-generic', java.version: '1.8.0_181'&#10;Driver info: org.openqa.selenium.chrome.ChromeDriver&#10;Capabilities {acceptInsecureCerts: false, acceptSslCerts: false, applicationCacheEnabled: false, browserConnectionEnabled: false, browserName: chrome, chrome: {chromedriverVersion: 2.42.591071 (0b695ff80972cc..., userDataDir: /tmp/.org.chromium.Chromium...}, cssSelectorsEnabled: true, databaseEnabled: false, goog:chromeOptions: {debuggerAddress: localhost:36207}, handlesAlerts: true, hasTouchScreen: false, javascriptEnabled: true, locationContextEnabled: true, mobileEmulationEnabled: false, nativeEvents: true, networkConnectionEnabled: false, pageLoadStrategy: normal, platform: LINUX, platformName: LINUX, rotatable: false, setWindowRect: true, takesHeapSnapshot: true, takesScreenshot: true, unexpectedAlertBehaviour: , unhandledPromptBehavior: , version: 69.0.3497.100, webStorageEnabled: true}&#10;Session ID: a922b365b9da88d89dd517f52c074cf5&#10;&#9;at sun.reflect.NativeConstructorAccessorImpl.newInstance0(Native Method)&#10;&#9;at sun.reflect.NativeConstructorAccessorImpl.newInstance(NativeConstructorAccessorImpl.java:62)&#10;&#9;at sun.reflect.DelegatingConstructorAccessorImpl.newInstance(DelegatingConstructorAccessorImpl.java:45)&#10;&#9;at java.lang.reflect.Constructor.newInstance(Constructor.java:423)&#10;&#9;at org.openqa.selenium.remote.ErrorHandler.createThrowable(ErrorHandler.java:214)&#10;&#9;at org.openqa.selenium.remote.ErrorHandler.throwIfResponseFailed(ErrorHandler.java:166)&#10;&#9;at org.openqa.selenium.remote.http.JsonHttpResponseCodec.reconstructValue(JsonHttpResponseCodec.java:40)&#10;&#9;at org.openqa.selenium.remote.http.AbstractHttpResponseCodec.decode(AbstractHttpResponseCodec.java:80)&#10;&#9;at org.openqa.selenium.remote.http.AbstractHttpResponseCodec.decode(AbstractHttpResponseCodec.java:44)&#10;&#9;at org.openqa.selenium.remote.HttpCommandExecutor.execute(HttpCommandExecutor.java:158)&#10;&#9;at org.openqa.selenium.remote.service.DriverCommandExecutor.execute(DriverCommandExecutor.java:83)&#10;&#9;at org.openqa.selenium.remote.RemoteWebDriver.execute(RemoteWebDriver.java:548)&#10;&#9;at org.openqa.selenium.remote.RemoteWebDriver$RemoteTargetLocator.window(RemoteWebDriver.java:899)&#10;&#9;at com.Naukri.PageObjectClasses.JobSearchResultPage.appyjob1by1(JobSearchResultPage.java:90)&#10;&#9;at com.Naukri.stepDefinations.JobApply_ToNaukri.user_clicks_on_a_job_link_and_navigates_to_jobs_description_page(JobApply_ToNaukri.java:45)&#10;&#9;at ✽.Then user clicks on a job link and navigates to jobs description page and navigate back to sarch page(/home/amit/git/CodeOfCritical/Naukri/src/main/java/com/Naukri/featureFiles/ApplyJob.feature:8)&#10;"><![CDATA[Given user successfully login to portal with "pikom.das@gmail.com" and "9038583164" and user is on Home page.passed
When user clicks on Search Jobs and insert text and click search............passed
Then search results are displayed...........................................passed
Then user clicks on a job link and navigates to jobs description page and navigate back to sarch page.failed

StackTrace:
org.openqa.selenium.WebDriverException: chrome not reachable
  (Session info: chrome=69.0.3497.100)
  (Driver info: chromedriver=2.42.591071 (0b695ff80972cc1a65a5cd643186d2ae582cd4ac),platform=Linux 4.15.0-36-generic x86_64) (WARNING: The server did not provide any stacktrace information)
Command duration or timeout: 0 milliseconds
Build info: version: '3.14.0', revision: 'aacccce0', time: '2018-08-02T20:19:58.91Z'
System info: host: 'Critical', ip: '127.0.1.1', os.name: 'Linux', os.arch: 'amd64', os.version: '4.15.0-36-generic', java.version: '1.8.0_181'
Driver info: org.openqa.selenium.chrome.ChromeDriver
Capabilities {acceptInsecureCerts: false, acceptSslCerts: false, applicationCacheEnabled: false, browserConnectionEnabled: false, browserName: chrome, chrome: {chromedriverVersion: 2.42.591071 (0b695ff80972cc..., userDataDir: /tmp/.org.chromium.Chromium...}, cssSelectorsEnabled: true, databaseEnabled: false, goog:chromeOptions: {debuggerAddress: localhost:36207}, handlesAlerts: true, hasTouchScreen: false, javascriptEnabled: true, locationContextEnabled: true, mobileEmulationEnabled: false, nativeEvents: true, networkConnectionEnabled: false, pageLoadStrategy: normal, platform: LINUX, platformName: LINUX, rotatable: false, setWindowRect: true, takesHeapSnapshot: true, takesScreenshot: true, unexpectedAlertBehaviour: , unhandledPromptBehavior: , version: 69.0.3497.100, webStorageEnabled: true}
Session ID: a922b365b9da88d89dd517f52c074cf5
	at sun.reflect.NativeConstructorAccessorImpl.newInstance0(Native Method)
	at sun.reflect.NativeConstructorAccessorImpl.newInstance(NativeConstructorAccessorImpl.java:62)
	at sun.reflect.DelegatingConstructorAccessorImpl.newInstance(DelegatingConstructorAccessorImpl.java:45)
	at java.lang.reflect.Constructor.newInstance(Constructor.java:423)
	at org.openqa.selenium.remote.ErrorHandler.createThrowable(ErrorHandler.java:214)
	at org.openqa.selenium.remote.ErrorHandler.throwIfResponseFailed(ErrorHandler.java:166)
	at org.openqa.selenium.remote.http.JsonHttpResponseCodec.reconstructValue(JsonHttpResponseCodec.java:40)
	at org.openqa.selenium.remote.http.AbstractHttpResponseCodec.decode(AbstractHttpResponseCodec.java:80)
	at org.openqa.selenium.remote.http.AbstractHttpResponseCodec.decode(AbstractHttpResponseCodec.java:44)
	at org.openqa.selenium.remote.HttpCommandExecutor.execute(HttpCommandExecutor.java:158)
	at org.openqa.selenium.remote.service.DriverCommandExecutor.execute(DriverCommandExecutor.java:83)
	at org.openqa.selenium.remote.RemoteWebDriver.execute(RemoteWebDriver.java:548)
	at org.openqa.selenium.remote.RemoteWebDriver$RemoteTargetLocator.window(RemoteWebDriver.java:899)
	at com.Naukri.PageObjectClasses.JobSearchResultPage.appyjob1by1(JobSearchResultPage.java:90)
	at com.Naukri.stepDefinations.JobApply_ToNaukri.user_clicks_on_a_job_link_and_navigates_to_jobs_description_page(JobApply_ToNaukri.java:45)
	at ✽.Then user clicks on a job link and navigates to jobs description page and navigate back to sarch page(/home/amit/git/CodeOfCritical/Naukri/src/main/java/com/Naukri/featureFiles/ApplyJob.feature:8)
]]></failure>
</testcase>
</testsuite>
