<?xml version="1.0" encoding="UTF-8"?>
<testng-results skipped="0" failed="0" ignored="0" total="1" passed="1">
  <reporter-output>
  </reporter-output>
  <suite name="Default suite" duration-ms="64498" started-at="2018-11-08T11:18:01Z" finished-at="2018-11-08T11:19:06Z">
    <groups>
    </groups>
    <test name="Default test" duration-ms="64498" started-at="2018-11-08T11:18:01Z" finished-at="2018-11-08T11:19:06Z">
      <class name="LINKEDIN.linkedin_DDT">
        <test-method status="PASS" signature="openBrowserToLogin()[pri:0, instance:LINKEDIN.linkedin_DDT@2038ae61]" name="openBrowserToLogin" is-config="true" duration-ms="14787" started-at="2018-11-08T11:18:01Z" finished-at="2018-11-08T11:18:16Z">
          <reporter-output>
          </reporter-output>
        </test-method> <!-- openBrowserToLogin -->
        <test-method status="PASS" signature="executin()[pri:0, instance:LINKEDIN.linkedin_DDT@2038ae61]" name="executin" duration-ms="49316" started-at="2018-11-08T11:18:16Z" finished-at="2018-11-08T11:19:05Z">
          <reporter-output>
          </reporter-output>
        </test-method> <!-- executin -->
        <test-method status="PASS" signature="aaahhhh()[pri:0, instance:LINKEDIN.linkedin_DDT@2038ae61]" name="aaahhhh" is-config="true" duration-ms="353" started-at="2018-11-08T11:19:05Z" finished-at="2018-11-08T11:19:06Z">
          <reporter-output>
          </reporter-output>
        </test-method> <!-- aaahhhh -->
      </class> <!-- LINKEDIN.linkedin_DDT -->
    </test> <!-- Default test -->
  </suite> <!-- Default suite -->
</testng-results>
