<?xml version="1.0" encoding="UTF-8"?>
<testng-results skipped="0" failed="0" ignored="0" total="1" passed="1">
  <reporter-output>
  </reporter-output>
  <suite name="Default suite" duration-ms="88414" started-at="2019-01-05T10:33:37Z" finished-at="2019-01-05T10:35:06Z">
    <groups>
    </groups>
    <test name="Default test" duration-ms="88414" started-at="2019-01-05T10:33:37Z" finished-at="2019-01-05T10:35:06Z">
      <class name="LINKEDIN.linkedin_DDT">
        <test-method status="PASS" signature="openBrowserToLogin(org.testng.ITestContext)[pri:0, instance:LINKEDIN.linkedin_DDT@64bf3bbf]" name="openBrowserToLogin" is-config="true" duration-ms="5819" started-at="2019-01-05T10:33:37Z" finished-at="2019-01-05T10:33:43Z">
          <params>
            <param index="0">
              <value>
                <![CDATA[org.testng.TestRunner@ee86bcb]]>
              </value>
            </param>
          </params>
          <reporter-output>
          </reporter-output>
        </test-method> <!-- openBrowserToLogin -->
        <test-method status="PASS" signature="startingTest(org.testng.ITestResult)[pri:0, instance:LINKEDIN.linkedin_DDT@64bf3bbf]" name="startingTest" is-config="true" duration-ms="6" started-at="2019-01-05T10:33:43Z" finished-at="2019-01-05T10:33:43Z">
          <params>
            <param index="0">
              <value>
                <![CDATA[[TestResult name=execution status=SUCCESS method=linkedin_DDT.execution()[pri:0, instance:LINKEDIN.linkedin_DDT@64bf3bbf] output={null}]]]>
              </value>
            </param>
          </params>
          <reporter-output>
          </reporter-output>
        </test-method> <!-- startingTest -->
        <test-method status="PASS" signature="execution()[pri:0, instance:LINKEDIN.linkedin_DDT@64bf3bbf]" name="execution" duration-ms="82146" started-at="2019-01-05T10:33:43Z" finished-at="2019-01-05T10:35:05Z">
          <reporter-output>
          </reporter-output>
        </test-method> <!-- execution -->
        <test-method status="PASS" signature="conclution(org.testng.ITestResult)[pri:0, instance:LINKEDIN.linkedin_DDT@64bf3bbf]" name="conclution" is-config="true" duration-ms="1" started-at="2019-01-05T10:35:05Z" finished-at="2019-01-05T10:35:05Z">
          <params>
            <param index="0">
              <value>
                <![CDATA[[TestResult name=execution status=SUCCESS method=linkedin_DDT.execution()[pri:0, instance:LINKEDIN.linkedin_DDT@64bf3bbf] output={null}]]]>
              </value>
            </param>
          </params>
          <reporter-output>
          </reporter-output>
        </test-method> <!-- conclution -->
        <test-method status="PASS" signature="aaahhhh(org.testng.ITestContext)[pri:0, instance:LINKEDIN.linkedin_DDT@64bf3bbf]" name="aaahhhh" is-config="true" duration-ms="416" started-at="2019-01-05T10:35:05Z" finished-at="2019-01-05T10:35:06Z">
          <params>
            <param index="0">
              <value>
                <![CDATA[org.testng.TestRunner@ee86bcb]]>
              </value>
            </param>
          </params>
          <reporter-output>
          </reporter-output>
        </test-method> <!-- aaahhhh -->
      </class> <!-- LINKEDIN.linkedin_DDT -->
    </test> <!-- Default test -->
  </suite> <!-- Default suite -->
</testng-results>
