<?xml version="1.0" encoding="UTF-8"?>
<!-- Generated by org.testng.reporters.JUnitXMLReporter -->
<testsuite ignored="0" hostname="parthadas" failures="1" tests="1" name="Default test" time="43.308" errors="0" timestamp="2020-05-19T19:16:46 IST">
  <testcase classname="LINKEDIN.linkedin_DDT" name="execution" time="28.133">
    <failure type="java.lang.StackOverflowError">
      <![CDATA[java.lang.StackOverflowError
at org.openqa.selenium.remote.service.DriverCommandExecutor.execute(DriverCommandExecutor.java:85)
at org.openqa.selenium.remote.RemoteWebDriver.execute(RemoteWebDriver.java:552)
at org.openqa.selenium.remote.RemoteWebDriver.executeScript(RemoteWebDriver.java:489)
at com.linkedin.commomUtil.CheckPageLoadingState.getState(CheckPageLoadingState.java:24)
at com.linkedin.commomUtil.CheckPageLoadingState.isPageLoaded(CheckPageLoadingState.java:36)
at com.linkedin.commomUtil.CheckPageLoadingState.waitToLoadPage(CheckPageLoadingState.java:48)
at com.linkedin.commomUtil.CheckPageLoadingState.waitToLoadPage(CheckPageLoadingState.java:56)
at com.linkedin.commomUtil.CheckPageLoadingState.waitToLoadPage(CheckPageLoadingState.java:56)
at com.linkedin.commomUtil.CheckPageLoadingState.waitToLoadPage(CheckPageLoadingState.java:56)
at com.linkedin.commomUtil.CheckPageLoadingState.waitToLoadPage(CheckPageLoadingState.java:56)
at com.linkedin.commomUtil.CheckPageLoadingState.waitToLoadPage(CheckPageLoadingState.java:56)
at com.linkedin.commomUtil.CheckPageLoadingState.waitToLoadPage(CheckPageLoadingState.java:56)
at com.linkedin.commomUtil.CheckPageLoadingState.waitToLoadPage(CheckPageLoadingState.java:56)
at com.linkedin.commomUtil.CheckPageLoadingState.waitToLoadPage(CheckPageLoadingState.java:56)
at com.linkedin.commomUtil.CheckPageLoadingState.waitToLoadPage(CheckPageLoadingState.java:56)
at com.linkedin.commomUtil.CheckPageLoadingState.waitToLoadPage(CheckPageLoadingState.java:56)
at com.linkedin.commomUtil.CheckPageLoadingState.waitToLoadPage(CheckPageLoadingState.java:56)
at com.linkedin.commomUtil.CheckPageLoadingState.waitToLoadPage(CheckPageLoadingState.java:56)
at com.linkedin.commomUtil.CheckPageLoadingState.waitToLoadPage(CheckPageLoadingState.java:56)
at com.linkedin.commomUtil.CheckPageLoadingState.waitToLoadPage(CheckPageLoadingState.java:56)
at com.linkedin.commomUtil.CheckPageLoadingState.waitToLoadPage(CheckPageLoadingState.java:56)
at com.linkedin.commomUtil.CheckPageLoadingState.waitToLoadPage(CheckPageLoadingState.java:56)
at com.linkedin.commomUtil.CheckPageLoadingState.waitToLoadPage(CheckPageLoadingState.java:56)
at com.linkedin.commomUtil.CheckPageLoadingState.waitToLoadPage(CheckPageLoadingState.java:56)
at com.linkedin.commomUtil.CheckPageLoadingState.waitToLoadPage(CheckPageLoadingState.java:56)
at com.linkedin.commomUtil.CheckPageLoadingState.waitToLoadPage(CheckPageLoadingState.java:56)
at com.linkedin.commomUtil.CheckPageLoadingState.waitToLoadPage(CheckPageLoadingState.java:56)
at com.linkedin.commomUtil.CheckPageLoadingState.waitToLoadPage(CheckPageLoadingState.java:56)
at com.linkedin.commomUtil.CheckPageLoadingState.waitToLoadPage(CheckPageLoadingState.java:56)
at com.linkedin.commomUtil.CheckPageLoadingState.waitToLoadPage(CheckPageLoadingState.java:56)
at com.linkedin.commomUtil.CheckPageLoadingState.waitToLoadPage(CheckPageLoadingState.java:56)
at com.linkedin.commomUtil.CheckPageLoadingState.waitToLoadPage(CheckPageLoadingState.java:56)
at com.linkedin.commomUtil.CheckPageLoadingState.waitToLoadPage(CheckPageLoadingState.java:56)
at com.linkedin.commomUtil.CheckPageLoadingState.waitToLoadPage(CheckPageLoadingState.java:56)
at com.linkedin.commomUtil.CheckPageLoadingState.waitToLoadPage(CheckPageLoadingState.java:56)
at com.linkedin.commomUtil.CheckPageLoadingState.waitToLoadPage(CheckPageLoadingState.java:56)
at com.linkedin.commomUtil.CheckPageLoadingState.waitToLoadPage(CheckPageLoadingState.java:56)
at com.linkedin.commomUtil.CheckPageLoadingState.waitToLoadPage(CheckPageLoadingState.java:56)
at com.linkedin.commomUtil.CheckPageLoadingState.waitToLoadPage(CheckPageLoadingState.java:56)
at com.linkedin.commomUtil.CheckPageLoadingState.waitToLoadPage(CheckPageLoadingState.java:56)
at com.linkedin.commomUtil.CheckPageLoadingState.waitToLoadPage(CheckPageLoadingState.java:56)
at com.linkedin.commomUtil.CheckPageLoadingState.waitToLoadPage(CheckPageLoadingState.java:56)
at com.linkedin.commomUtil.CheckPageLoadingState.waitToLoadPage(CheckPageLoadingState.java:56)
at com.linkedin.commomUtil.CheckPageLoadingState.waitToLoadPage(CheckPageLoadingState.java:56)
at com.linkedin.commomUtil.CheckPageLoadingState.waitToLoadPage(CheckPageLoadingState.java:56)
at com.linkedin.commomUtil.CheckPageLoadingState.waitToLoadPage(CheckPageLoadingState.java:56)
at com.linkedin.commomUtil.CheckPageLoadingState.waitToLoadPage(CheckPageLoadingState.java:56)
at com.linkedin.commomUtil.CheckPageLoadingState.waitToLoadPage(CheckPageLoadingState.java:56)
at com.linkedin.commomUtil.CheckPageLoadingState.waitToLoadPage(CheckPageLoadingState.java:56)
at com.linkedin.commomUtil.CheckPageLoadingState.waitToLoadPage(CheckPageLoadingState.java:56)
at com.linkedin.commomUtil.CheckPageLoadingState.waitToLoadPage(CheckPageLoadingState.java:56)
at com.linkedin.commomUtil.CheckPageLoadingState.waitToLoadPage(CheckPageLoadingState.java:56)
at com.linkedin.commomUtil.CheckPageLoadingState.waitToLoadPage(CheckPageLoadingState.java:56)
at com.linkedin.commomUtil.CheckPageLoadingState.waitToLoadPage(CheckPageLoadingState.java:56)
at com.linkedin.commomUtil.CheckPageLoadingState.waitToLoadPage(CheckPageLoadingState.java:56)
at com.linkedin.commomUtil.CheckPageLoadingState.waitToLoadPage(CheckPageLoadingState.java:56)
at com.linkedin.commomUtil.CheckPageLoadingState.waitToLoadPage(CheckPageLoadingState.java:56)
at com.linkedin.commomUtil.CheckPageLoadingState.waitToLoadPage(CheckPageLoadingState.java:56)
at com.linkedin.commomUtil.CheckPageLoadingState.waitToLoadPage(CheckPageLoadingState.java:56)
at com.linkedin.commomUtil.CheckPageLoadingState.waitToLoadPage(CheckPageLoadingState.java:56)
at com.linkedin.commomUtil.CheckPageLoadingState.waitToLoadPage(CheckPageLoadingState.java:56)
at com.linkedin.commomUtil.CheckPageLoadingState.waitToLoadPage(CheckPageLoadingState.java:56)
at com.linkedin.commomUtil.CheckPageLoadingState.waitToLoadPage(CheckPageLoadingState.java:56)
at com.linkedin.commomUtil.CheckPageLoadingState.waitToLoadPage(CheckPageLoadingState.java:56)
at com.linkedin.commomUtil.CheckPageLoadingState.waitToLoadPage(CheckPageLoadingState.java:56)
at com.linkedin.commomUtil.CheckPageLoadingState.waitToLoadPage(CheckPageLoadingState.java:56)
at com.linkedin.commomUtil.CheckPageLoadingState.waitToLoadPage(CheckPageLoadingState.java:56)
at com.linkedin.commomUtil.CheckPageLoadingState.waitToLoadPage(CheckPageLoadingState.java:56)
at com.linkedin.commomUtil.CheckPageLoadingState.waitToLoadPage(CheckPageLoadingState.java:56)
at com.linkedin.commomUtil.CheckPageLoadingState.waitToLoadPage(CheckPageLoadingState.java:56)
at com.linkedin.commomUtil.CheckPageLoadingState.waitToLoadPage(CheckPageLoadingState.java:56)
at com.linkedin.commomUtil.CheckPageLoadingState.waitToLoadPage(CheckPageLoadingState.java:56)
at com.linkedin.commomUtil.CheckPageLoadingState.waitToLoadPage(CheckPageLoadingState.java:56)
at com.linkedin.commomUtil.CheckPageLoadingState.waitToLoadPage(CheckPageLoadingState.java:56)
at com.linkedin.commomUtil.CheckPageLoadingState.waitToLoadPage(CheckPageLoadingState.java:56)
at com.linkedin.commomUtil.CheckPageLoadingState.waitToLoadPage(CheckPageLoadingState.java:56)
at com.linkedin.commomUtil.CheckPageLoadingState.waitToLoadPage(CheckPageLoadingState.java:56)
at com.linkedin.commomUtil.CheckPageLoadingState.waitToLoadPage(CheckPageLoadingState.java:56)
at com.linkedin.commomUtil.CheckPageLoadingState.waitToLoadPage(CheckPageLoadingState.java:56)
at com.linkedin.commomUtil.CheckPageLoadingState.waitToLoadPage(CheckPageLoadingState.java:56)
at com.linkedin.commomUtil.CheckPageLoadingState.waitToLoadPage(CheckPageLoadingState.java:56)
at com.linkedin.commomUtil.CheckPageLoadingState.waitToLoadPage(CheckPageLoadingState.java:56)
at com.linkedin.commomUtil.CheckPageLoadingState.waitToLoadPage(CheckPageLoadingState.java:56)
at com.linkedin.commomUtil.CheckPageLoadingState.waitToLoadPage(CheckPageLoadingState.java:56)
at com.linkedin.commomUtil.CheckPageLoadingState.waitToLoadPage(CheckPageLoadingState.java:56)
at com.linkedin.commomUtil.CheckPageLoadingState.waitToLoadPage(CheckPageLoadingState.java:56)
at com.linkedin.commomUtil.CheckPageLoadingState.waitToLoadPage(CheckPageLoadingState.java:56)
at com.linkedin.commomUtil.CheckPageLoadingState.waitToLoadPage(CheckPageLoadingState.java:56)
at com.linkedin.commomUtil.CheckPageLoadingState.waitToLoadPage(CheckPageLoadingState.java:56)
at com.linkedin.commomUtil.CheckPageLoadingState.waitToLoadPage(CheckPageLoadingState.java:56)
at com.linkedin.commomUtil.CheckPageLoadingState.waitToLoadPage(CheckPageLoadingState.java:56)
at com.linkedin.commomUtil.CheckPageLoadingState.waitToLoadPage(CheckPageLoadingState.java:56)
at com.linkedin.commomUtil.CheckPageLoadingState.waitToLoadPage(CheckPageLoadingState.java:56)
at com.linkedin.commomUtil.CheckPageLoadingState.waitToLoadPage(CheckPageLoadingState.java:56)
at com.linkedin.commomUtil.CheckPageLoadingState.waitToLoadPage(CheckPageLoadingState.java:56)
at com.linkedin.commomUtil.CheckPageLoadingState.waitToLoadPage(CheckPageLoadingState.java:56)
at com.linkedin.commomUtil.CheckPageLoadingState.waitToLoadPage(CheckPageLoadingState.java:56)
at com.linkedin.commomUtil.CheckPageLoadingState.waitToLoadPage(CheckPageLoadingState.java:56)
at com.linkedin.commomUtil.CheckPageLoadingState.waitToLoadPage(CheckPageLoadingState.java:56)
at com.linkedin.commomUtil.CheckPageLoadingState.waitToLoadPage(CheckPageLoadingState.java:56)
at com.linkedin.commomUtil.CheckPageLoadingState.waitToLoadPage(CheckPageLoadingState.java:56)
at com.linkedin.commomUtil.CheckPageLoadingState.waitToLoadPage(CheckPageLoadingState.java:56)
at com.linkedin.commomUtil.CheckPageLoadingState.waitToLoadPage(CheckPageLoadingState.java:56)
at com.linkedin.commomUtil.CheckPageLoadingState.waitToLoadPage(CheckPageLoadingState.java:56)
at com.linkedin.commomUtil.CheckPageLoadingState.waitToLoadPage(CheckPageLoadingState.java:56)
at com.linkedin.commomUtil.CheckPageLoadingState.waitToLoadPage(CheckPageLoadingState.java:56)
at com.linkedin.commomUtil.CheckPageLoadingState.waitToLoadPage(CheckPageLoadingState.java:56)
at com.linkedin.commomUtil.CheckPageLoadingState.waitToLoadPage(CheckPageLoadingState.java:56)
at com.linkedin.commomUtil.CheckPageLoadingState.waitToLoadPage(CheckPageLoadingState.java:56)
at com.linkedin.commomUtil.CheckPageLoadingState.waitToLoadPage(CheckPageLoadingState.java:56)
at com.linkedin.commomUtil.CheckPageLoadingState.waitToLoadPage(CheckPageLoadingState.java:56)
at com.linkedin.commomUtil.CheckPageLoadingState.waitToLoadPage(CheckPageLoadingState.java:56)
at com.linkedin.commomUtil.CheckPageLoadingState.waitToLoadPage(CheckPageLoadingState.java:56)
at com.linkedin.commomUtil.CheckPageLoadingState.waitToLoadPage(CheckPageLoadingState.java:56)
at com.linkedin.commomUtil.CheckPageLoadingState.waitToLoadPage(CheckPageLoadingState.java:56)
at com.linkedin.commomUtil.CheckPageLoadingState.waitToLoadPage(CheckPageLoadingState.java:56)
at com.linkedin.commomUtil.CheckPageLoadingState.waitToLoadPage(CheckPageLoadingState.java:56)
at com.linkedin.commomUtil.CheckPageLoadingState.waitToLoadPage(CheckPageLoadingState.java:56)
at com.linkedin.commomUtil.CheckPageLoadingState.waitToLoadPage(CheckPageLoadingState.java:56)
at com.linkedin.commomUtil.CheckPageLoadingState.waitToLoadPage(CheckPageLoadingState.java:56)
at com.linkedin.commomUtil.CheckPageLoadingState.waitToLoadPage(CheckPageLoadingState.java:56)
at com.linkedin.commomUtil.CheckPageLoadingState.waitToLoadPage(CheckPageLoadingState.java:56)
at com.linkedin.commomUtil.CheckPageLoadingState.waitToLoadPage(CheckPageLoadingState.java:56)
at com.linkedin.commomUtil.CheckPageLoadingState.waitToLoadPage(CheckPageLoadingState.java:56)
at com.linkedin.commomUtil.CheckPageLoadingState.waitToLoadPage(CheckPageLoadingState.java:56)
at com.linkedin.commomUtil.CheckPageLoadingState.waitToLoadPage(CheckPageLoadingState.java:56)
at com.linkedin.commomUtil.CheckPageLoadingState.waitToLoadPage(CheckPageLoadingState.java:56)
at com.linkedin.commomUtil.CheckPageLoadingState.waitToLoadPage(CheckPageLoadingState.java:56)
at com.linkedin.commomUtil.CheckPageLoadingState.waitToLoadPage(CheckPageLoadingState.java:56)
at com.linkedin.commomUtil.CheckPageLoadingState.waitToLoadPage(CheckPageLoadingState.java:56)
at com.linkedin.commomUtil.CheckPageLoadingState.waitToLoadPage(CheckPageLoadingState.java:56)
at com.linkedin.commomUtil.CheckPageLoadingState.waitToLoadPage(CheckPageLoadingState.java:56)
at com.linkedin.commomUtil.CheckPageLoadingState.waitToLoadPage(CheckPageLoadingState.java:56)
at com.linkedin.commomUtil.CheckPageLoadingState.waitToLoadPage(CheckPageLoadingState.java:56)
at com.linkedin.commomUtil.CheckPageLoadingState.waitToLoadPage(CheckPageLoadingState.java:56)
at com.linkedin.commomUtil.CheckPageLoadingState.waitToLoadPage(CheckPageLoadingState.java:56)
at com.linkedin.commomUtil.CheckPageLoadingState.waitToLoadPage(CheckPageLoadingState.java:56)
at com.linkedin.commomUtil.CheckPageLoadingState.waitToLoadPage(CheckPageLoadingState.java:56)
at com.linkedin.commomUtil.CheckPageLoadingState.waitToLoadPage(CheckPageLoadingState.java:56)
at com.linkedin.commomUtil.CheckPageLoadingState.waitToLoadPage(CheckPageLoadingState.java:56)
at com.linkedin.commomUtil.CheckPageLoadingState.waitToLoadPage(CheckPageLoadingState.java:56)
at com.linkedin.commomUtil.CheckPageLoadingState.waitToLoadPage(CheckPageLoadingState.java:56)
at com.linkedin.commomUtil.CheckPageLoadingState.waitToLoadPage(CheckPageLoadingState.java:56)
at com.linkedin.commomUtil.CheckPageLoadingState.waitToLoadPage(CheckPageLoadingState.java:56)
at com.linkedin.commomUtil.CheckPageLoadingState.waitToLoadPage(CheckPageLoadingState.java:56)
at com.linkedin.commomUtil.CheckPageLoadingState.waitToLoadPage(CheckPageLoadingState.java:56)
at com.linkedin.commomUtil.CheckPageLoadingState.waitToLoadPage(CheckPageLoadingState.java:56)
at com.linkedin.commomUtil.CheckPageLoadingState.waitToLoadPage(CheckPageLoadingState.java:56)
at com.linkedin.commomUtil.CheckPageLoadingState.waitToLoadPage(CheckPageLoadingState.java:56)
at com.linkedin.commomUtil.CheckPageLoadingState.waitToLoadPage(CheckPageLoadingState.java:56)
at com.linkedin.commomUtil.CheckPageLoadingState.waitToLoadPage(CheckPageLoadingState.java:56)
at com.linkedin.commomUtil.CheckPageLoadingState.waitToLoadPage(CheckPageLoadingState.java:56)
at com.linkedin.commomUtil.CheckPageLoadingState.waitToLoadPage(CheckPageLoadingState.java:56)
at com.linkedin.commomUtil.CheckPageLoadingState.waitToLoadPage(CheckPageLoadingState.java:56)
at com.linkedin.commomUtil.CheckPageLoadingState.waitToLoadPage(CheckPageLoadingState.java:56)
at com.linkedin.commomUtil.CheckPageLoadingState.waitToLoadPage(CheckPageLoadingState.java:56)
at com.linkedin.commomUtil.CheckPageLoadingState.waitToLoadPage(CheckPageLoadingState.java:56)
at com.linkedin.commomUtil.CheckPageLoadingState.waitToLoadPage(CheckPageLoadingState.java:56)
at com.linkedin.commomUtil.CheckPageLoadingState.waitToLoadPage(CheckPageLoadingState.java:56)
at com.linkedin.commomUtil.CheckPageLoadingState.waitToLoadPage(CheckPageLoadingState.java:56)
at com.linkedin.commomUtil.CheckPageLoadingState.waitToLoadPage(CheckPageLoadingState.java:56)
at com.linkedin.commomUtil.CheckPageLoadingState.waitToLoadPage(CheckPageLoadingState.java:56)
at com.linkedin.commomUtil.CheckPageLoadingState.waitToLoadPage(CheckPageLoadingState.java:56)
at com.linkedin.commomUtil.CheckPageLoadingState.waitToLoadPage(CheckPageLoadingState.java:56)
at com.linkedin.commomUtil.CheckPageLoadingState.waitToLoadPage(CheckPageLoadingState.java:56)
at com.linkedin.commomUtil.CheckPageLoadingState.waitToLoadPage(CheckPageLoadingState.java:56)
at com.linkedin.commomUtil.CheckPageLoadingState.waitToLoadPage(CheckPageLoadingState.java:56)
at com.linkedin.commomUtil.CheckPageLoadingState.waitToLoadPage(CheckPageLoadingState.java:56)
at com.linkedin.commomUtil.CheckPageLoadingState.waitToLoadPage(CheckPageLoadingState.java:56)
at com.linkedin.commomUtil.CheckPageLoadingState.waitToLoadPage(CheckPageLoadingState.java:56)
at com.linkedin.commomUtil.CheckPageLoadingState.waitToLoadPage(CheckPageLoadingState.java:56)
at com.linkedin.commomUtil.CheckPageLoadingState.waitToLoadPage(CheckPageLoadingState.java:56)
at com.linkedin.commomUtil.CheckPageLoadingState.waitToLoadPage(CheckPageLoadingState.java:56)
at com.linkedin.commomUtil.CheckPageLoadingState.waitToLoadPage(CheckPageLoadingState.java:56)
at com.linkedin.commomUtil.CheckPageLoadingState.waitToLoadPage(CheckPageLoadingState.java:56)
at com.linkedin.commomUtil.CheckPageLoadingState.waitToLoadPage(CheckPageLoadingState.java:56)
at com.linkedin.commomUtil.CheckPageLoadingState.waitToLoadPage(CheckPageLoadingState.java:56)
at com.linkedin.commomUtil.CheckPageLoadingState.waitToLoadPage(CheckPageLoadingState.java:56)
at com.linkedin.commomUtil.CheckPageLoadingState.waitToLoadPage(CheckPageLoadingState.java:56)
at com.linkedin.commomUtil.CheckPageLoadingState.waitToLoadPage(CheckPageLoadingState.java:56)
at com.linkedin.commomUtil.CheckPageLoadingState.waitToLoadPage(CheckPageLoadingState.java:56)
at com.linkedin.commomUtil.CheckPageLoadingState.waitToLoadPage(CheckPageLoadingState.java:56)
at com.linkedin.commomUtil.CheckPageLoadingState.waitToLoadPage(CheckPageLoadingState.java:56)
at com.linkedin.commomUtil.CheckPageLoadingState.waitToLoadPage(CheckPageLoadingState.java:56)
at com.linkedin.commomUtil.CheckPageLoadingState.waitToLoadPage(CheckPageLoadingState.java:56)
at com.linkedin.commomUtil.CheckPageLoadingState.waitToLoadPage(CheckPageLoadingState.java:56)
at com.linkedin.commomUtil.CheckPageLoadingState.waitToLoadPage(CheckPageLoadingState.java:56)
at com.linkedin.commomUtil.CheckPageLoadingState.waitToLoadPage(CheckPageLoadingState.java:56)
at com.linkedin.commomUtil.CheckPageLoadingState.waitToLoadPage(CheckPageLoadingState.java:56)
at com.linkedin.commomUtil.CheckPageLoadingState.waitToLoadPage(CheckPageLoadingState.java:56)
at com.linkedin.commomUtil.CheckPageLoadingState.waitToLoadPage(CheckPageLoadingState.java:56)
at com.linkedin.commomUtil.CheckPageLoadingState.waitToLoadPage(CheckPageLoadingState.java:56)
at com.linkedin.commomUtil.CheckPageLoadingState.waitToLoadPage(CheckPageLoadingState.java:56)
at com.linkedin.commomUtil.CheckPageLoadingState.waitToLoadPage(CheckPageLoadingState.java:56)
at com.linkedin.commomUtil.CheckPageLoadingState.waitToLoadPage(CheckPageLoadingState.java:56)
at com.linkedin.commomUtil.CheckPageLoadingState.waitToLoadPage(CheckPageLoadingState.java:56)
at com.linkedin.commomUtil.CheckPageLoadingState.waitToLoadPage(CheckPageLoadingState.java:56)
at com.linkedin.commomUtil.CheckPageLoadingState.waitToLoadPage(CheckPageLoadingState.java:56)
at com.linkedin.commomUtil.CheckPageLoadingState.waitToLoadPage(CheckPageLoadingState.java:56)
at com.linkedin.commomUtil.CheckPageLoadingState.waitToLoadPage(CheckPageLoadingState.java:56)
at com.linkedin.commomUtil.CheckPageLoadingState.waitToLoadPage(CheckPageLoadingState.java:56)
at com.linkedin.commomUtil.CheckPageLoadingState.waitToLoadPage(CheckPageLoadingState.java:56)
at com.linkedin.commomUtil.CheckPageLoadingState.waitToLoadPage(CheckPageLoadingState.java:56)
at com.linkedin.commomUtil.CheckPageLoadingState.waitToLoadPage(CheckPageLoadingState.java:56)
at com.linkedin.commomUtil.CheckPageLoadingState.waitToLoadPage(CheckPageLoadingState.java:56)
at com.linkedin.commomUtil.CheckPageLoadingState.waitToLoadPage(CheckPageLoadingState.java:56)
at com.linkedin.commomUtil.CheckPageLoadingState.waitToLoadPage(CheckPageLoadingState.java:56)
at com.linkedin.commomUtil.CheckPageLoadingState.waitToLoadPage(CheckPageLoadingState.java:56)
at com.linkedin.commomUtil.CheckPageLoadingState.waitToLoadPage(CheckPageLoadingState.java:56)
at com.linkedin.commomUtil.CheckPageLoadingState.waitToLoadPage(CheckPageLoadingState.java:56)
at com.linkedin.commomUtil.CheckPageLoadingState.waitToLoadPage(CheckPageLoadingState.java:56)
at com.linkedin.commomUtil.CheckPageLoadingState.waitToLoadPage(CheckPageLoadingState.java:56)
at com.linkedin.commomUtil.CheckPageLoadingState.waitToLoadPage(CheckPageLoadingState.java:56)
at com.linkedin.commomUtil.CheckPageLoadingState.waitToLoadPage(CheckPageLoadingState.java:56)
at com.linkedin.commomUtil.CheckPageLoadingState.waitToLoadPage(CheckPageLoadingState.java:56)
at com.linkedin.commomUtil.CheckPageLoadingState.waitToLoadPage(CheckPageLoadingState.java:56)
at com.linkedin.commomUtil.CheckPageLoadingState.waitToLoadPage(CheckPageLoadingState.java:56)
at com.linkedin.commomUtil.CheckPageLoadingState.waitToLoadPage(CheckPageLoadingState.java:56)
at com.linkedin.commomUtil.CheckPageLoadingState.waitToLoadPage(CheckPageLoadingState.java:56)
at com.linkedin.commomUtil.CheckPageLoadingState.waitToLoadPage(CheckPageLoadingState.java:56)
at com.linkedin.commomUtil.CheckPageLoadingState.waitToLoadPage(CheckPageLoadingState.java:56)
at com.linkedin.commomUtil.CheckPageLoadingState.waitToLoadPage(CheckPageLoadingState.java:56)
at com.linkedin.commomUtil.CheckPageLoadingState.waitToLoadPage(CheckPageLoadingState.java:56)
at com.linkedin.commomUtil.CheckPageLoadingState.waitToLoadPage(CheckPageLoadingState.java:56)
at com.linkedin.commomUtil.CheckPageLoadingState.waitToLoadPage(CheckPageLoadingState.java:56)
at com.linkedin.commomUtil.CheckPageLoadingState.waitToLoadPage(CheckPageLoadingState.java:56)
at com.linkedin.commomUtil.CheckPageLoadingState.waitToLoadPage(CheckPageLoadingState.java:56)
at com.linkedin.commomUtil.CheckPageLoadingState.waitToLoadPage(CheckPageLoadingState.java:56)
at com.linkedin.commomUtil.CheckPageLoadingState.waitToLoadPage(CheckPageLoadingState.java:56)
at com.linkedin.commomUtil.CheckPageLoadingState.waitToLoadPage(CheckPageLoadingState.java:56)
at com.linkedin.commomUtil.CheckPageLoadingState.waitToLoadPage(CheckPageLoadingState.java:56)
at com.linkedin.commomUtil.CheckPageLoadingState.waitToLoadPage(CheckPageLoadingState.java:56)
at com.linkedin.commomUtil.CheckPageLoadingState.waitToLoadPage(CheckPageLoadingState.java:56)
at com.linkedin.commomUtil.CheckPageLoadingState.waitToLoadPage(CheckPageLoadingState.java:56)
at com.linkedin.commomUtil.CheckPageLoadingState.waitToLoadPage(CheckPageLoadingState.java:56)
at com.linkedin.commomUtil.CheckPageLoadingState.waitToLoadPage(CheckPageLoadingState.java:56)
at com.linkedin.commomUtil.CheckPageLoadingState.waitToLoadPage(CheckPageLoadingState.java:56)
at com.linkedin.commomUtil.CheckPageLoadingState.waitToLoadPage(CheckPageLoadingState.java:56)
at com.linkedin.commomUtil.CheckPageLoadingState.waitToLoadPage(CheckPageLoadingState.java:56)
at com.linkedin.commomUtil.CheckPageLoadingState.waitToLoadPage(CheckPageLoadingState.java:56)
at com.linkedin.commomUtil.CheckPageLoadingState.waitToLoadPage(CheckPageLoadingState.java:56)
at com.linkedin.commomUtil.CheckPageLoadingState.waitToLoadPage(CheckPageLoadingState.java:56)
at com.linkedin.commomUtil.CheckPageLoadingState.waitToLoadPage(CheckPageLoadingState.java:56)
at com.linkedin.commomUtil.CheckPageLoadingState.waitToLoadPage(CheckPageLoadingState.java:56)
at com.linkedin.commomUtil.CheckPageLoadingState.waitToLoadPage(CheckPageLoadingState.java:56)
at com.linkedin.commomUtil.CheckPageLoadingState.waitToLoadPage(CheckPageLoadingState.java:56)
at com.linkedin.commomUtil.CheckPageLoadingState.waitToLoadPage(CheckPageLoadingState.java:56)
at com.linkedin.commomUtil.CheckPageLoadingState.waitToLoadPage(CheckPageLoadingState.java:56)
at com.linkedin.commomUtil.CheckPageLoadingState.waitToLoadPage(CheckPageLoadingState.java:56)
at com.linkedin.commomUtil.CheckPageLoadingState.waitToLoadPage(CheckPageLoadingState.java:56)
at com.linkedin.commomUtil.CheckPageLoadingState.waitToLoadPage(CheckPageLoadingState.java:56)
at com.linkedin.commomUtil.CheckPageLoadingState.waitToLoadPage(CheckPageLoadingState.java:56)
at com.linkedin.commomUtil.CheckPageLoadingState.waitToLoadPage(CheckPageLoadingState.java:56)
at com.linkedin.commomUtil.CheckPageLoadingState.waitToLoadPage(CheckPageLoadingState.java:56)
at com.linkedin.commomUtil.CheckPageLoadingState.waitToLoadPage(CheckPageLoadingState.java:56)
at com.linkedin.commomUtil.CheckPageLoadingState.waitToLoadPage(CheckPageLoadingState.java:56)
at com.linkedin.commomUtil.CheckPageLoadingState.waitToLoadPage(CheckPageLoadingState.java:56)
at com.linkedin.commomUtil.CheckPageLoadingState.waitToLoadPage(CheckPageLoadingState.java:56)
at com.linkedin.commomUtil.CheckPageLoadingState.waitToLoadPage(CheckPageLoadingState.java:56)
at com.linkedin.commomUtil.CheckPageLoadingState.waitToLoadPage(CheckPageLoadingState.java:56)
at com.linkedin.commomUtil.CheckPageLoadingState.waitToLoadPage(CheckPageLoadingState.java:56)
at com.linkedin.commomUtil.CheckPageLoadingState.waitToLoadPage(CheckPageLoadingState.java:56)
at com.linkedin.commomUtil.CheckPageLoadingState.waitToLoadPage(CheckPageLoadingState.java:56)
at com.linkedin.commomUtil.CheckPageLoadingState.waitToLoadPage(CheckPageLoadingState.java:56)
at com.linkedin.commomUtil.CheckPageLoadingState.waitToLoadPage(CheckPageLoadingState.java:56)
at com.linkedin.commomUtil.CheckPageLoadingState.waitToLoadPage(CheckPageLoadingState.java:56)
at com.linkedin.commomUtil.CheckPageLoadingState.waitToLoadPage(CheckPageLoadingState.java:56)
at com.linkedin.commomUtil.CheckPageLoadingState.waitToLoadPage(CheckPageLoadingState.java:56)
at com.linkedin.commomUtil.CheckPageLoadingState.waitToLoadPage(CheckPageLoadingState.java:56)
at com.linkedin.commomUtil.CheckPageLoadingState.waitToLoadPage(CheckPageLoadingState.java:56)
at com.linkedin.commomUtil.CheckPageLoadingState.waitToLoadPage(CheckPageLoadingState.java:56)
at com.linkedin.commomUtil.CheckPageLoadingState.waitToLoadPage(CheckPageLoadingState.java:56)
at com.linkedin.commomUtil.CheckPageLoadingState.waitToLoadPage(CheckPageLoadingState.java:56)
at com.linkedin.commomUtil.CheckPageLoadingState.waitToLoadPage(CheckPageLoadingState.java:56)
at com.linkedin.commomUtil.CheckPageLoadingState.waitToLoadPage(CheckPageLoadingState.java:56)
at com.linkedin.commomUtil.CheckPageLoadingState.waitToLoadPage(CheckPageLoadingState.java:56)
at com.linkedin.commomUtil.CheckPageLoadingState.waitToLoadPage(CheckPageLoadingState.java:56)
at com.linkedin.commomUtil.CheckPageLoadingState.waitToLoadPage(CheckPageLoadingState.java:56)
at com.linkedin.commomUtil.CheckPageLoadingState.waitToLoadPage(CheckPageLoadingState.java:56)
at com.linkedin.commomUtil.CheckPageLoadingState.waitToLoadPage(CheckPageLoadingState.java:56)
at com.linkedin.commomUtil.CheckPageLoadingState.waitToLoadPage(CheckPageLoadingState.java:56)
at com.linkedin.commomUtil.CheckPageLoadingState.waitToLoadPage(CheckPageLoadingState.java:56)
at com.linkedin.commomUtil.CheckPageLoadingState.waitToLoadPage(CheckPageLoadingState.java:56)
at com.linkedin.commomUtil.CheckPageLoadingState.waitToLoadPage(CheckPageLoadingState.java:56)
at com.linkedin.commomUtil.CheckPageLoadingState.waitToLoadPage(CheckPageLoadingState.java:56)
at com.linkedin.commomUtil.CheckPageLoadingState.waitToLoadPage(CheckPageLoadingState.java:56)
at com.linkedin.commomUtil.CheckPageLoadingState.waitToLoadPage(CheckPageLoadingState.java:56)
at com.linkedin.commomUtil.CheckPageLoadingState.waitToLoadPage(CheckPageLoadingState.java:56)
at com.linkedin.commomUtil.CheckPageLoadingState.waitToLoadPage(CheckPageLoadingState.java:56)
at com.linkedin.commomUtil.CheckPageLoadingState.waitToLoadPage(CheckPageLoadingState.java:56)
at com.linkedin.commomUtil.CheckPageLoadingState.waitToLoadPage(CheckPageLoadingState.java:56)
at com.linkedin.commomUtil.CheckPageLoadingState.waitToLoadPage(CheckPageLoadingState.java:56)
at com.linkedin.commomUtil.CheckPageLoadingState.waitToLoadPage(CheckPageLoadingState.java:56)
at com.linkedin.commomUtil.CheckPageLoadingState.waitToLoadPage(CheckPageLoadingState.java:56)
at com.linkedin.commomUtil.CheckPageLoadingState.waitToLoadPage(CheckPageLoadingState.java:56)
at com.linkedin.commomUtil.CheckPageLoadingState.waitToLoadPage(CheckPageLoadingState.java:56)
at com.linkedin.commomUtil.CheckPageLoadingState.waitToLoadPage(CheckPageLoadingState.java:56)
at com.linkedin.commomUtil.CheckPageLoadingState.waitToLoadPage(CheckPageLoadingState.java:56)
at com.linkedin.commomUtil.CheckPageLoadingState.waitToLoadPage(CheckPageLoadingState.java:56)
at com.linkedin.commomUtil.CheckPageLoadingState.waitToLoadPage(CheckPageLoadingState.java:56)
at com.linkedin.commomUtil.CheckPageLoadingState.waitToLoadPage(CheckPageLoadingState.java:56)
at com.linkedin.commomUtil.CheckPageLoadingState.waitToLoadPage(CheckPageLoadingState.java:56)
at com.linkedin.commomUtil.CheckPageLoadingState.waitToLoadPage(CheckPageLoadingState.java:56)
at com.linkedin.commomUtil.CheckPageLoadingState.waitToLoadPage(CheckPageLoadingState.java:56)
at com.linkedin.commomUtil.CheckPageLoadingState.waitToLoadPage(CheckPageLoadingState.java:56)
at com.linkedin.commomUtil.CheckPageLoadingState.waitToLoadPage(CheckPageLoadingState.java:56)
at com.linkedin.commomUtil.CheckPageLoadingState.waitToLoadPage(CheckPageLoadingState.java:56)
at com.linkedin.commomUtil.CheckPageLoadingState.waitToLoadPage(CheckPageLoadingState.java:56)
at com.linkedin.commomUtil.CheckPageLoadingState.waitToLoadPage(CheckPageLoadingState.java:56)
at com.linkedin.commomUtil.CheckPageLoadingState.waitToLoadPage(CheckPageLoadingState.java:56)
at com.linkedin.commomUtil.CheckPageLoadingState.waitToLoadPage(CheckPageLoadingState.java:56)
at com.linkedin.commomUtil.CheckPageLoadingState.waitToLoadPage(CheckPageLoadingState.java:56)
at com.linkedin.commomUtil.CheckPageLoadingState.waitToLoadPage(CheckPageLoadingState.java:56)
at com.linkedin.commomUtil.CheckPageLoadingState.waitToLoadPage(CheckPageLoadingState.java:56)
at com.linkedin.commomUtil.CheckPageLoadingState.waitToLoadPage(CheckPageLoadingState.java:56)
at com.linkedin.commomUtil.CheckPageLoadingState.waitToLoadPage(CheckPageLoadingState.java:56)
at com.linkedin.commomUtil.CheckPageLoadingState.waitToLoadPage(CheckPageLoadingState.java:56)
at com.linkedin.commomUtil.CheckPageLoadingState.waitToLoadPage(CheckPageLoadingState.java:56)
at com.linkedin.commomUtil.CheckPageLoadingState.waitToLoadPage(CheckPageLoadingState.java:56)
at com.linkedin.commomUtil.CheckPageLoadingState.waitToLoadPage(CheckPageLoadingState.java:56)
at com.linkedin.commomUtil.CheckPageLoadingState.waitToLoadPage(CheckPageLoadingState.java:56)
at com.linkedin.commomUtil.CheckPageLoadingState.waitToLoadPage(CheckPageLoadingState.java:56)
at com.linkedin.commomUtil.CheckPageLoadingState.waitToLoadPage(CheckPageLoadingState.java:56)
at com.linkedin.commomUtil.CheckPageLoadingState.waitToLoadPage(CheckPageLoadingState.java:56)
at com.linkedin.commomUtil.CheckPageLoadingState.waitToLoadPage(CheckPageLoadingState.java:56)
at com.linkedin.commomUtil.CheckPageLoadingState.waitToLoadPage(CheckPageLoadingState.java:56)
at com.linkedin.commomUtil.CheckPageLoadingState.waitToLoadPage(CheckPageLoadingState.java:56)
at com.linkedin.commomUtil.CheckPageLoadingState.waitToLoadPage(CheckPageLoadingState.java:56)
at com.linkedin.commomUtil.CheckPageLoadingState.waitToLoadPage(CheckPageLoadingState.java:56)
at com.linkedin.commomUtil.CheckPageLoadingState.waitToLoadPage(CheckPageLoadingState.java:56)
at com.linkedin.commomUtil.CheckPageLoadingState.waitToLoadPage(CheckPageLoadingState.java:56)
at com.linkedin.commomUtil.CheckPageLoadingState.waitToLoadPage(CheckPageLoadingState.java:56)
at com.linkedin.commomUtil.CheckPageLoadingState.waitToLoadPage(CheckPageLoadingState.java:56)
at com.linkedin.commomUtil.CheckPageLoadingState.waitToLoadPage(CheckPageLoadingState.java:56)
at com.linkedin.commomUtil.CheckPageLoadingState.waitToLoadPage(CheckPageLoadingState.java:56)
at com.linkedin.commomUtil.CheckPageLoadingState.waitToLoadPage(CheckPageLoadingState.java:56)
at com.linkedin.commomUtil.CheckPageLoadingState.waitToLoadPage(CheckPageLoadingState.java:56)
at com.linkedin.commomUtil.CheckPageLoadingState.waitToLoadPage(CheckPageLoadingState.java:56)
at com.linkedin.commomUtil.CheckPageLoadingState.waitToLoadPage(CheckPageLoadingState.java:56)
at com.linkedin.commomUtil.CheckPageLoadingState.waitToLoadPage(CheckPageLoadingState.java:56)
at com.linkedin.commomUtil.CheckPageLoadingState.waitToLoadPage(CheckPageLoadingState.java:56)
at com.linkedin.commomUtil.CheckPageLoadingState.waitToLoadPage(CheckPageLoadingState.java:56)
at com.linkedin.commomUtil.CheckPageLoadingState.waitToLoadPage(CheckPageLoadingState.java:56)
at com.linkedin.commomUtil.CheckPageLoadingState.waitToLoadPage(CheckPageLoadingState.java:56)
at com.linkedin.commomUtil.CheckPageLoadingState.waitToLoadPage(CheckPageLoadingState.java:56)
at com.linkedin.commomUtil.CheckPageLoadingState.waitToLoadPage(CheckPageLoadingState.java:56)
at com.linkedin.commomUtil.CheckPageLoadingState.waitToLoadPage(CheckPageLoadingState.java:56)
at com.linkedin.commomUtil.CheckPageLoadingState.waitToLoadPage(CheckPageLoadingState.java:56)
at com.linkedin.commomUtil.CheckPageLoadingState.waitToLoadPage(CheckPageLoadingState.java:56)
at com.linkedin.commomUtil.CheckPageLoadingState.waitToLoadPage(CheckPageLoadingState.java:56)
at com.linkedin.commomUtil.CheckPageLoadingState.waitToLoadPage(CheckPageLoadingState.java:56)
at com.linkedin.commomUtil.CheckPageLoadingState.waitToLoadPage(CheckPageLoadingState.java:56)
at com.linkedin.commomUtil.CheckPageLoadingState.waitToLoadPage(CheckPageLoadingState.java:56)
at com.linkedin.commomUtil.CheckPageLoadingState.waitToLoadPage(CheckPageLoadingState.java:56)
at com.linkedin.commomUtil.CheckPageLoadingState.waitToLoadPage(CheckPageLoadingState.java:56)
at com.linkedin.commomUtil.CheckPageLoadingState.waitToLoadPage(CheckPageLoadingState.java:56)
at com.linkedin.commomUtil.CheckPageLoadingState.waitToLoadPage(CheckPageLoadingState.java:56)
at com.linkedin.commomUtil.CheckPageLoadingState.waitToLoadPage(CheckPageLoadingState.java:56)
at com.linkedin.commomUtil.CheckPageLoadingState.waitToLoadPage(CheckPageLoadingState.java:56)
at com.linkedin.commomUtil.CheckPageLoadingState.waitToLoadPage(CheckPageLoadingState.java:56)
at com.linkedin.commomUtil.CheckPageLoadingState.waitToLoadPage(CheckPageLoadingState.java:56)
at com.linkedin.commomUtil.CheckPageLoadingState.waitToLoadPage(CheckPageLoadingState.java:56)
at com.linkedin.commomUtil.CheckPageLoadingState.waitToLoadPage(CheckPageLoadingState.java:56)
at com.linkedin.commomUtil.CheckPageLoadingState.waitToLoadPage(CheckPageLoadingState.java:56)
at com.linkedin.commomUtil.CheckPageLoadingState.waitToLoadPage(CheckPageLoadingState.java:56)
at com.linkedin.commomUtil.CheckPageLoadingState.waitToLoadPage(CheckPageLoadingState.java:56)
at com.linkedin.commomUtil.CheckPageLoadingState.waitToLoadPage(CheckPageLoadingState.java:56)
at com.linkedin.commomUtil.CheckPageLoadingState.waitToLoadPage(CheckPageLoadingState.java:56)
at com.linkedin.commomUtil.CheckPageLoadingState.waitToLoadPage(CheckPageLoadingState.java:56)
at com.linkedin.commomUtil.CheckPageLoadingState.waitToLoadPage(CheckPageLoadingState.java:56)
at com.linkedin.commomUtil.CheckPageLoadingState.waitToLoadPage(CheckPageLoadingState.java:56)
at com.linkedin.commomUtil.CheckPageLoadingState.waitToLoadPage(CheckPageLoadingState.java:56)
at com.linkedin.commomUtil.CheckPageLoadingState.waitToLoadPage(CheckPageLoadingState.java:56)
at com.linkedin.commomUtil.CheckPageLoadingState.waitToLoadPage(CheckPageLoadingState.java:56)
at com.linkedin.commomUtil.CheckPageLoadingState.waitToLoadPage(CheckPageLoadingState.java:56)
at com.linkedin.commomUtil.CheckPageLoadingState.waitToLoadPage(CheckPageLoadingState.java:56)
at com.linkedin.commomUtil.CheckPageLoadingState.waitToLoadPage(CheckPageLoadingState.java:56)
at com.linkedin.commomUtil.CheckPageLoadingState.waitToLoadPage(CheckPageLoadingState.java:56)
at com.linkedin.commomUtil.CheckPageLoadingState.waitToLoadPage(CheckPageLoadingState.java:56)
at com.linkedin.commomUtil.CheckPageLoadingState.waitToLoadPage(CheckPageLoadingState.java:56)
at com.linkedin.commomUtil.CheckPageLoadingState.waitToLoadPage(CheckPageLoadingState.java:56)
at com.linkedin.commomUtil.CheckPageLoadingState.waitToLoadPage(CheckPageLoadingState.java:56)
at com.linkedin.commomUtil.CheckPageLoadingState.waitToLoadPage(CheckPageLoadingState.java:56)
at com.linkedin.commomUtil.CheckPageLoadingState.waitToLoadPage(CheckPageLoadingState.java:56)
at com.linkedin.commomUtil.CheckPageLoadingState.waitToLoadPage(CheckPageLoadingState.java:56)
at com.linkedin.commomUtil.CheckPageLoadingState.waitToLoadPage(CheckPageLoadingState.java:56)
at com.linkedin.commomUtil.CheckPageLoadingState.waitToLoadPage(CheckPageLoadingState.java:56)
at com.linkedin.commomUtil.CheckPageLoadingState.waitToLoadPage(CheckPageLoadingState.java:56)
at com.linkedin.commomUtil.CheckPageLoadingState.waitToLoadPage(CheckPageLoadingState.java:56)
at com.linkedin.commomUtil.CheckPageLoadingState.waitToLoadPage(CheckPageLoadingState.java:56)
at com.linkedin.commomUtil.CheckPageLoadingState.waitToLoadPage(CheckPageLoadingState.java:56)
at com.linkedin.commomUtil.CheckPageLoadingState.waitToLoadPage(CheckPageLoadingState.java:56)
at com.linkedin.commomUtil.CheckPageLoadingState.waitToLoadPage(CheckPageLoadingState.java:56)
at com.linkedin.commomUtil.CheckPageLoadingState.waitToLoadPage(CheckPageLoadingState.java:56)
at com.linkedin.commomUtil.CheckPageLoadingState.waitToLoadPage(CheckPageLoadingState.java:56)
at com.linkedin.commomUtil.CheckPageLoadingState.waitToLoadPage(CheckPageLoadingState.java:56)
at com.linkedin.commomUtil.CheckPageLoadingState.waitToLoadPage(CheckPageLoadingState.java:56)
at com.linkedin.commomUtil.CheckPageLoadingState.waitToLoadPage(CheckPageLoadingState.java:56)
at com.linkedin.commomUtil.CheckPageLoadingState.waitToLoadPage(CheckPageLoadingState.java:56)
at com.linkedin.commomUtil.CheckPageLoadingState.waitToLoadPage(CheckPageLoadingState.java:56)
at com.linkedin.commomUtil.CheckPageLoadingState.waitToLoadPage(CheckPageLoadingState.java:56)
at com.linkedin.commomUtil.CheckPageLoadingState.waitToLoadPage(CheckPageLoadingState.java:56)
at com.linkedin.commomUtil.CheckPageLoadingState.waitToLoadPage(CheckPageLoadingState.java:56)
at com.linkedin.commomUtil.CheckPageLoadingState.waitToLoadPage(CheckPageLoadingState.java:56)
at com.linkedin.commomUtil.CheckPageLoadingState.waitToLoadPage(CheckPageLoadingState.java:56)
at com.linkedin.commomUtil.CheckPageLoadingState.waitToLoadPage(CheckPageLoadingState.java:56)
at com.linkedin.commomUtil.CheckPageLoadingState.waitToLoadPage(CheckPageLoadingState.java:56)
at com.linkedin.commomUtil.CheckPageLoadingState.waitToLoadPage(CheckPageLoadingState.java:56)
at com.linkedin.commomUtil.CheckPageLoadingState.waitToLoadPage(CheckPageLoadingState.java:56)
at com.linkedin.commomUtil.CheckPageLoadingState.waitToLoadPage(CheckPageLoadingState.java:56)
at com.linkedin.commomUtil.CheckPageLoadingState.waitToLoadPage(CheckPageLoadingState.java:56)
at com.linkedin.commomUtil.CheckPageLoadingState.waitToLoadPage(CheckPageLoadingState.java:56)
at com.linkedin.commomUtil.CheckPageLoadingState.waitToLoadPage(CheckPageLoadingState.java:56)
at com.linkedin.commomUtil.CheckPageLoadingState.waitToLoadPage(CheckPageLoadingState.java:56)
at com.linkedin.commomUtil.CheckPageLoadingState.waitToLoadPage(CheckPageLoadingState.java:56)
at com.linkedin.commomUtil.CheckPageLoadingState.waitToLoadPage(CheckPageLoadingState.java:56)
at com.linkedin.commomUtil.CheckPageLoadingState.waitToLoadPage(CheckPageLoadingState.java:56)
at com.linkedin.commomUtil.CheckPageLoadingState.waitToLoadPage(CheckPageLoadingState.java:56)
at com.linkedin.commomUtil.CheckPageLoadingState.waitToLoadPage(CheckPageLoadingState.java:56)
at com.linkedin.commomUtil.CheckPageLoadingState.waitToLoadPage(CheckPageLoadingState.java:56)
at com.linkedin.commomUtil.CheckPageLoadingState.waitToLoadPage(CheckPageLoadingState.java:56)
at com.linkedin.commomUtil.CheckPageLoadingState.waitToLoadPage(CheckPageLoadingState.java:56)
at com.linkedin.commomUtil.CheckPageLoadingState.waitToLoadPage(CheckPageLoadingState.java:56)
at com.linkedin.commomUtil.CheckPageLoadingState.waitToLoadPage(CheckPageLoadingState.java:56)
at com.linkedin.commomUtil.CheckPageLoadingState.waitToLoadPage(CheckPageLoadingState.java:56)
at com.linkedin.commomUtil.CheckPageLoadingState.waitToLoadPage(CheckPageLoadingState.java:56)
at com.linkedin.commomUtil.CheckPageLoadingState.waitToLoadPage(CheckPageLoadingState.java:56)
at com.linkedin.commomUtil.CheckPageLoadingState.waitToLoadPage(CheckPageLoadingState.java:56)
at com.linkedin.commomUtil.CheckPageLoadingState.waitToLoadPage(CheckPageLoadingState.java:56)
at com.linkedin.commomUtil.CheckPageLoadingState.waitToLoadPage(CheckPageLoadingState.java:56)
at com.linkedin.commomUtil.CheckPageLoadingState.waitToLoadPage(CheckPageLoadingState.java:56)
at com.linkedin.commomUtil.CheckPageLoadingState.waitToLoadPage(CheckPageLoadingState.java:56)
at com.linkedin.commomUtil.CheckPageLoadingState.waitToLoadPage(CheckPageLoadingState.java:56)
at com.linkedin.commomUtil.CheckPageLoadingState.waitToLoadPage(CheckPageLoadingState.java:56)
at com.linkedin.commomUtil.CheckPageLoadingState.waitToLoadPage(CheckPageLoadingState.java:56)
at com.linkedin.commomUtil.CheckPageLoadingState.waitToLoadPage(CheckPageLoadingState.java:56)
at com.linkedin.commomUtil.CheckPageLoadingState.waitToLoadPage(CheckPageLoadingState.java:56)
at com.linkedin.commomUtil.CheckPageLoadingState.waitToLoadPage(CheckPageLoadingState.java:56)
at com.linkedin.commomUtil.CheckPageLoadingState.waitToLoadPage(CheckPageLoadingState.java:56)
at com.linkedin.commomUtil.CheckPageLoadingState.waitToLoadPage(CheckPageLoadingState.java:56)
at com.linkedin.commomUtil.CheckPageLoadingState.waitToLoadPage(CheckPageLoadingState.java:56)
at com.linkedin.commomUtil.CheckPageLoadingState.waitToLoadPage(CheckPageLoadingState.java:56)
at com.linkedin.commomUtil.CheckPageLoadingState.waitToLoadPage(CheckPageLoadingState.java:56)
at com.linkedin.commomUtil.CheckPageLoadingState.waitToLoadPage(CheckPageLoadingState.java:56)
at com.linkedin.commomUtil.CheckPageLoadingState.waitToLoadPage(CheckPageLoadingState.java:56)
at com.linkedin.commomUtil.CheckPageLoadingState.waitToLoadPage(CheckPageLoadingState.java:56)
at com.linkedin.commomUtil.CheckPageLoadingState.waitToLoadPage(CheckPageLoadingState.java:56)
at com.linkedin.commomUtil.CheckPageLoadingState.waitToLoadPage(CheckPageLoadingState.java:56)
at com.linkedin.commomUtil.CheckPageLoadingState.waitToLoadPage(CheckPageLoadingState.java:56)
at com.linkedin.commomUtil.CheckPageLoadingState.waitToLoadPage(CheckPageLoadingState.java:56)
at com.linkedin.commomUtil.CheckPageLoadingState.waitToLoadPage(CheckPageLoadingState.java:56)
at com.linkedin.commomUtil.CheckPageLoadingState.waitToLoadPage(CheckPageLoadingState.java:56)
at com.linkedin.commomUtil.CheckPageLoadingState.waitToLoadPage(CheckPageLoadingState.java:56)
at com.linkedin.commomUtil.CheckPageLoadingState.waitToLoadPage(CheckPageLoadingState.java:56)
at com.linkedin.commomUtil.CheckPageLoadingState.waitToLoadPage(CheckPageLoadingState.java:56)
at com.linkedin.commomUtil.CheckPageLoadingState.waitToLoadPage(CheckPageLoadingState.java:56)
at com.linkedin.commomUtil.CheckPageLoadingState.waitToLoadPage(CheckPageLoadingState.java:56)
at com.linkedin.commomUtil.CheckPageLoadingState.waitToLoadPage(CheckPageLoadingState.java:56)
at com.linkedin.commomUtil.CheckPageLoadingState.waitToLoadPage(CheckPageLoadingState.java:56)
at com.linkedin.commomUtil.CheckPageLoadingState.waitToLoadPage(CheckPageLoadingState.java:56)
at com.linkedin.commomUtil.CheckPageLoadingState.waitToLoadPage(CheckPageLoadingState.java:56)
at com.linkedin.commomUtil.CheckPageLoadingState.waitToLoadPage(CheckPageLoadingState.java:56)
at com.linkedin.commomUtil.CheckPageLoadingState.waitToLoadPage(CheckPageLoadingState.java:56)
at com.linkedin.commomUtil.CheckPageLoadingState.waitToLoadPage(CheckPageLoadingState.java:56)
at com.linkedin.commomUtil.CheckPageLoadingState.waitToLoadPage(CheckPageLoadingState.java:56)
at com.linkedin.commomUtil.CheckPageLoadingState.waitToLoadPage(CheckPageLoadingState.java:56)
at com.linkedin.commomUtil.CheckPageLoadingState.waitToLoadPage(CheckPageLoadingState.java:56)
at com.linkedin.commomUtil.CheckPageLoadingState.waitToLoadPage(CheckPageLoadingState.java:56)
at com.linkedin.commomUtil.CheckPageLoadingState.waitToLoadPage(CheckPageLoadingState.java:56)
at com.linkedin.commomUtil.CheckPageLoadingState.waitToLoadPage(CheckPageLoadingState.java:56)
at com.linkedin.commomUtil.CheckPageLoadingState.waitToLoadPage(CheckPageLoadingState.java:56)
at com.linkedin.commomUtil.CheckPageLoadingState.waitToLoadPage(CheckPageLoadingState.java:56)
at com.linkedin.commomUtil.CheckPageLoadingState.waitToLoadPage(CheckPageLoadingState.java:56)
at com.linkedin.commomUtil.CheckPageLoadingState.waitToLoadPage(CheckPageLoadingState.java:56)
at com.linkedin.commomUtil.CheckPageLoadingState.waitToLoadPage(CheckPageLoadingState.java:56)
at com.linkedin.commomUtil.CheckPageLoadingState.waitToLoadPage(CheckPageLoadingState.java:56)
at com.linkedin.commomUtil.CheckPageLoadingState.waitToLoadPage(CheckPageLoadingState.java:56)
at com.linkedin.commomUtil.CheckPageLoadingState.waitToLoadPage(CheckPageLoadingState.java:56)
at com.linkedin.commomUtil.CheckPageLoadingState.waitToLoadPage(CheckPageLoadingState.java:56)
at com.linkedin.commomUtil.CheckPageLoadingState.waitToLoadPage(CheckPageLoadingState.java:56)
at com.linkedin.commomUtil.CheckPageLoadingState.waitToLoadPage(CheckPageLoadingState.java:56)
at com.linkedin.commomUtil.CheckPageLoadingState.waitToLoadPage(CheckPageLoadingState.java:56)
at com.linkedin.commomUtil.CheckPageLoadingState.waitToLoadPage(CheckPageLoadingState.java:56)
at com.linkedin.commomUtil.CheckPageLoadingState.waitToLoadPage(CheckPageLoadingState.java:56)
at com.linkedin.commomUtil.CheckPageLoadingState.waitToLoadPage(CheckPageLoadingState.java:56)
at com.linkedin.commomUtil.CheckPageLoadingState.waitToLoadPage(CheckPageLoadingState.java:56)
at com.linkedin.commomUtil.CheckPageLoadingState.waitToLoadPage(CheckPageLoadingState.java:56)
at com.linkedin.commomUtil.CheckPageLoadingState.waitToLoadPage(CheckPageLoadingState.java:56)
at com.linkedin.commomUtil.CheckPageLoadingState.waitToLoadPage(CheckPageLoadingState.java:56)
at com.linkedin.commomUtil.CheckPageLoadingState.waitToLoadPage(CheckPageLoadingState.java:56)
at com.linkedin.commomUtil.CheckPageLoadingState.waitToLoadPage(CheckPageLoadingState.java:56)
at com.linkedin.commomUtil.CheckPageLoadingState.waitToLoadPage(CheckPageLoadingState.java:56)
at com.linkedin.commomUtil.CheckPageLoadingState.waitToLoadPage(CheckPageLoadingState.java:56)
at com.linkedin.commomUtil.CheckPageLoadingState.waitToLoadPage(CheckPageLoadingState.java:56)
at com.linkedin.commomUtil.CheckPageLoadingState.waitToLoadPage(CheckPageLoadingState.java:56)
at com.linkedin.commomUtil.CheckPageLoadingState.waitToLoadPage(CheckPageLoadingState.java:56)
at com.linkedin.commomUtil.CheckPageLoadingState.waitToLoadPage(CheckPageLoadingState.java:56)
at com.linkedin.commomUtil.CheckPageLoadingState.waitToLoadPage(CheckPageLoadingState.java:56)
at com.linkedin.commomUtil.CheckPageLoadingState.waitToLoadPage(CheckPageLoadingState.java:56)
at com.linkedin.commomUtil.CheckPageLoadingState.waitToLoadPage(CheckPageLoadingState.java:56)
at com.linkedin.commomUtil.CheckPageLoadingState.waitToLoadPage(CheckPageLoadingState.java:56)
at com.linkedin.commomUtil.CheckPageLoadingState.waitToLoadPage(CheckPageLoadingState.java:56)
at com.linkedin.commomUtil.CheckPageLoadingState.waitToLoadPage(CheckPageLoadingState.java:56)
at com.linkedin.commomUtil.CheckPageLoadingState.waitToLoadPage(CheckPageLoadingState.java:56)
at com.linkedin.commomUtil.CheckPageLoadingState.waitToLoadPage(CheckPageLoadingState.java:56)
at com.linkedin.commomUtil.CheckPageLoadingState.waitToLoadPage(CheckPageLoadingState.java:56)
at com.linkedin.commomUtil.CheckPageLoadingState.waitToLoadPage(CheckPageLoadingState.java:56)
at com.linkedin.commomUtil.CheckPageLoadingState.waitToLoadPage(CheckPageLoadingState.java:56)
at com.linkedin.commomUtil.CheckPageLoadingState.waitToLoadPage(CheckPageLoadingState.java:56)
at com.linkedin.commomUtil.CheckPageLoadingState.waitToLoadPage(CheckPageLoadingState.java:56)
at com.linkedin.commomUtil.CheckPageLoadingState.waitToLoadPage(CheckPageLoadingState.java:56)
at com.linkedin.commomUtil.CheckPageLoadingState.waitToLoadPage(CheckPageLoadingState.java:56)
at com.linkedin.commomUtil.CheckPageLoadingState.waitToLoadPage(CheckPageLoadingState.java:56)
at com.linkedin.commomUtil.CheckPageLoadingState.waitToLoadPage(CheckPageLoadingState.java:56)
at com.linkedin.commomUtil.CheckPageLoadingState.waitToLoadPage(CheckPageLoadingState.java:56)
at com.linkedin.commomUtil.CheckPageLoadingState.waitToLoadPage(CheckPageLoadingState.java:56)
at com.linkedin.commomUtil.CheckPageLoadingState.waitToLoadPage(CheckPageLoadingState.java:56)
at com.linkedin.commomUtil.CheckPageLoadingState.waitToLoadPage(CheckPageLoadingState.java:56)
at com.linkedin.commomUtil.CheckPageLoadingState.waitToLoadPage(CheckPageLoadingState.java:56)
at com.linkedin.commomUtil.CheckPageLoadingState.waitToLoadPage(CheckPageLoadingState.java:56)
at com.linkedin.commomUtil.CheckPageLoadingState.waitToLoadPage(CheckPageLoadingState.java:56)
at com.linkedin.commomUtil.CheckPageLoadingState.waitToLoadPage(CheckPageLoadingState.java:56)
at com.linkedin.commomUtil.CheckPageLoadingState.waitToLoadPage(CheckPageLoadingState.java:56)
at com.linkedin.commomUtil.CheckPageLoadingState.waitToLoadPage(CheckPageLoadingState.java:56)
at com.linkedin.commomUtil.CheckPageLoadingState.waitToLoadPage(CheckPageLoadingState.java:56)
at com.linkedin.commomUtil.CheckPageLoadingState.waitToLoadPage(CheckPageLoadingState.java:56)
at com.linkedin.commomUtil.CheckPageLoadingState.waitToLoadPage(CheckPageLoadingState.java:56)
at com.linkedin.commomUtil.CheckPageLoadingState.waitToLoadPage(CheckPageLoadingState.java:56)
at com.linkedin.commomUtil.CheckPageLoadingState.waitToLoadPage(CheckPageLoadingState.java:56)
at com.linkedin.commomUtil.CheckPageLoadingState.waitToLoadPage(CheckPageLoadingState.java:56)
at com.linkedin.commomUtil.CheckPageLoadingState.waitToLoadPage(CheckPageLoadingState.java:56)
at com.linkedin.commomUtil.CheckPageLoadingState.waitToLoadPage(CheckPageLoadingState.java:56)
at com.linkedin.commomUtil.CheckPageLoadingState.waitToLoadPage(CheckPageLoadingState.java:56)
at com.linkedin.commomUtil.CheckPageLoadingState.waitToLoadPage(CheckPageLoadingState.java:56)
at com.linkedin.commomUtil.CheckPageLoadingState.waitToLoadPage(CheckPageLoadingState.java:56)
at com.linkedin.commomUtil.CheckPageLoadingState.waitToLoadPage(CheckPageLoadingState.java:56)
at com.linkedin.commomUtil.CheckPageLoadingState.waitToLoadPage(CheckPageLoadingState.java:56)
at com.linkedin.commomUtil.CheckPageLoadingState.waitToLoadPage(CheckPageLoadingState.java:56)
at com.linkedin.commomUtil.CheckPageLoadingState.waitToLoadPage(CheckPageLoadingState.java:56)
at com.linkedin.commomUtil.CheckPageLoadingState.waitToLoadPage(CheckPageLoadingState.java:56)
at com.linkedin.commomUtil.CheckPageLoadingState.waitToLoadPage(CheckPageLoadingState.java:56)
at com.linkedin.commomUtil.CheckPageLoadingState.waitToLoadPage(CheckPageLoadingState.java:56)
at com.linkedin.commomUtil.CheckPageLoadingState.waitToLoadPage(CheckPageLoadingState.java:56)
at com.linkedin.commomUtil.CheckPageLoadingState.waitToLoadPage(CheckPageLoadingState.java:56)
at com.linkedin.commomUtil.CheckPageLoadingState.waitToLoadPage(CheckPageLoadingState.java:56)
at com.linkedin.commomUtil.CheckPageLoadingState.waitToLoadPage(CheckPageLoadingState.java:56)
at com.linkedin.commomUtil.CheckPageLoadingState.waitToLoadPage(CheckPageLoadingState.java:56)
at com.linkedin.commomUtil.CheckPageLoadingState.waitToLoadPage(CheckPageLoadingState.java:56)
at com.linkedin.commomUtil.CheckPageLoadingState.waitToLoadPage(CheckPageLoadingState.java:56)
at com.linkedin.commomUtil.CheckPageLoadingState.waitToLoadPage(CheckPageLoadingState.java:56)
at com.linkedin.commomUtil.CheckPageLoadingState.waitToLoadPage(CheckPageLoadingState.java:56)
at com.linkedin.commomUtil.CheckPageLoadingState.waitToLoadPage(CheckPageLoadingState.java:56)
at com.linkedin.commomUtil.CheckPageLoadingState.waitToLoadPage(CheckPageLoadingState.java:56)
at com.linkedin.commomUtil.CheckPageLoadingState.waitToLoadPage(CheckPageLoadingState.java:56)
at com.linkedin.commomUtil.CheckPageLoadingState.waitToLoadPage(CheckPageLoadingState.java:56)
at com.linkedin.commomUtil.CheckPageLoadingState.waitToLoadPage(CheckPageLoadingState.java:56)
at com.linkedin.commomUtil.CheckPageLoadingState.waitToLoadPage(CheckPageLoadingState.java:56)
at com.linkedin.commomUtil.CheckPageLoadingState.waitToLoadPage(CheckPageLoadingState.java:56)
at com.linkedin.commomUtil.CheckPageLoadingState.waitToLoadPage(CheckPageLoadingState.java:56)
at com.linkedin.commomUtil.CheckPageLoadingState.waitToLoadPage(CheckPageLoadingState.java:56)
at com.linkedin.commomUtil.CheckPageLoadingState.waitToLoadPage(CheckPageLoadingState.java:56)
at com.linkedin.commomUtil.CheckPageLoadingState.waitToLoadPage(CheckPageLoadingState.java:56)
at com.linkedin.commomUtil.CheckPageLoadingState.waitToLoadPage(CheckPageLoadingState.java:56)
at com.linkedin.commomUtil.CheckPageLoadingState.waitToLoadPage(CheckPageLoadingState.java:56)
at com.linkedin.commomUtil.CheckPageLoadingState.waitToLoadPage(CheckPageLoadingState.java:56)
at com.linkedin.commomUtil.CheckPageLoadingState.waitToLoadPage(CheckPageLoadingState.java:56)
at com.linkedin.commomUtil.CheckPageLoadingState.waitToLoadPage(CheckPageLoadingState.java:56)
at com.linkedin.commomUtil.CheckPageLoadingState.waitToLoadPage(CheckPageLoadingState.java:56)
at com.linkedin.commomUtil.CheckPageLoadingState.waitToLoadPage(CheckPageLoadingState.java:56)
at com.linkedin.commomUtil.CheckPageLoadingState.waitToLoadPage(CheckPageLoadingState.java:56)
at com.linkedin.commomUtil.CheckPageLoadingState.waitToLoadPage(CheckPageLoadingState.java:56)
at com.linkedin.commomUtil.CheckPageLoadingState.waitToLoadPage(CheckPageLoadingState.java:56)
at com.linkedin.commomUtil.CheckPageLoadingState.waitToLoadPage(CheckPageLoadingState.java:56)
at com.linkedin.commomUtil.CheckPageLoadingState.waitToLoadPage(CheckPageLoadingState.java:56)
at com.linkedin.commomUtil.CheckPageLoadingState.waitToLoadPage(CheckPageLoadingState.java:56)
at com.linkedin.commomUtil.CheckPageLoadingState.waitToLoadPage(CheckPageLoadingState.java:56)
at com.linkedin.commomUtil.CheckPageLoadingState.waitToLoadPage(CheckPageLoadingState.java:56)
at com.linkedin.commomUtil.CheckPageLoadingState.waitToLoadPage(CheckPageLoadingState.java:56)
at com.linkedin.commomUtil.CheckPageLoadingState.waitToLoadPage(CheckPageLoadingState.java:56)
at com.linkedin.commomUtil.CheckPageLoadingState.waitToLoadPage(CheckPageLoadingState.java:56)
at com.linkedin.commomUtil.CheckPageLoadingState.waitToLoadPage(CheckPageLoadingState.java:56)
at com.linkedin.commomUtil.CheckPageLoadingState.waitToLoadPage(CheckPageLoadingState.java:56)
at com.linkedin.commomUtil.CheckPageLoadingState.waitToLoadPage(CheckPageLoadingState.java:56)
at com.linkedin.commomUtil.CheckPageLoadingState.waitToLoadPage(CheckPageLoadingState.java:56)
at com.linkedin.commomUtil.CheckPageLoadingState.waitToLoadPage(CheckPageLoadingState.java:56)
at com.linkedin.commomUtil.CheckPageLoadingState.waitToLoadPage(CheckPageLoadingState.java:56)
at com.linkedin.commomUtil.CheckPageLoadingState.waitToLoadPage(CheckPageLoadingState.java:56)
at com.linkedin.commomUtil.CheckPageLoadingState.waitToLoadPage(CheckPageLoadingState.java:56)
at com.linkedin.commomUtil.CheckPageLoadingState.waitToLoadPage(CheckPageLoadingState.java:56)
at com.linkedin.commomUtil.CheckPageLoadingState.waitToLoadPage(CheckPageLoadingState.java:56)
at com.linkedin.commomUtil.CheckPageLoadingState.waitToLoadPage(CheckPageLoadingState.java:56)
at com.linkedin.commomUtil.CheckPageLoadingState.waitToLoadPage(CheckPageLoadingState.java:56)
at com.linkedin.commomUtil.CheckPageLoadingState.waitToLoadPage(CheckPageLoadingState.java:56)
at com.linkedin.commomUtil.CheckPageLoadingState.waitToLoadPage(CheckPageLoadingState.java:56)
at com.linkedin.commomUtil.CheckPageLoadingState.waitToLoadPage(CheckPageLoadingState.java:56)
at com.linkedin.commomUtil.CheckPageLoadingState.waitToLoadPage(CheckPageLoadingState.java:56)
at com.linkedin.commomUtil.CheckPageLoadingState.waitToLoadPage(CheckPageLoadingState.java:56)
at com.linkedin.commomUtil.CheckPageLoadingState.waitToLoadPage(CheckPageLoadingState.java:56)
at com.linkedin.commomUtil.CheckPageLoadingState.waitToLoadPage(CheckPageLoadingState.java:56)
at com.linkedin.commomUtil.CheckPageLoadingState.waitToLoadPage(CheckPageLoadingState.java:56)
at com.linkedin.commomUtil.CheckPageLoadingState.waitToLoadPage(CheckPageLoadingState.java:56)
at com.linkedin.commomUtil.CheckPageLoadingState.waitToLoadPage(CheckPageLoadingState.java:56)
at com.linkedin.commomUtil.CheckPageLoadingState.waitToLoadPage(CheckPageLoadingState.java:56)
at com.linkedin.commomUtil.CheckPageLoadingState.waitToLoadPage(CheckPageLoadingState.java:56)
at com.linkedin.commomUtil.CheckPageLoadingState.waitToLoadPage(CheckPageLoadingState.java:56)
at com.linkedin.commomUtil.CheckPageLoadingState.waitToLoadPage(CheckPageLoadingState.java:56)
at com.linkedin.commomUtil.CheckPageLoadingState.waitToLoadPage(CheckPageLoadingState.java:56)
at com.linkedin.commomUtil.CheckPageLoadingState.waitToLoadPage(CheckPageLoadingState.java:56)
at com.linkedin.commomUtil.CheckPageLoadingState.waitToLoadPage(CheckPageLoadingState.java:56)
at com.linkedin.commomUtil.CheckPageLoadingState.waitToLoadPage(CheckPageLoadingState.java:56)
at com.linkedin.commomUtil.CheckPageLoadingState.waitToLoadPage(CheckPageLoadingState.java:56)
at com.linkedin.commomUtil.CheckPageLoadingState.waitToLoadPage(CheckPageLoadingState.java:56)
at com.linkedin.commomUtil.CheckPageLoadingState.waitToLoadPage(CheckPageLoadingState.java:56)
at com.linkedin.commomUtil.CheckPageLoadingState.waitToLoadPage(CheckPageLoadingState.java:56)
at com.linkedin.commomUtil.CheckPageLoadingState.waitToLoadPage(CheckPageLoadingState.java:56)
at com.linkedin.commomUtil.CheckPageLoadingState.waitToLoadPage(CheckPageLoadingState.java:56)
at com.linkedin.commomUtil.CheckPageLoadingState.waitToLoadPage(CheckPageLoadingState.java:56)
at com.linkedin.commomUtil.CheckPageLoadingState.waitToLoadPage(CheckPageLoadingState.java:56)
at com.linkedin.commomUtil.CheckPageLoadingState.waitToLoadPage(CheckPageLoadingState.java:56)
at com.linkedin.commomUtil.CheckPageLoadingState.waitToLoadPage(CheckPageLoadingState.java:56)
at com.linkedin.commomUtil.CheckPageLoadingState.waitToLoadPage(CheckPageLoadingState.java:56)
at com.linkedin.commomUtil.CheckPageLoadingState.waitToLoadPage(CheckPageLoadingState.java:56)
at com.linkedin.commomUtil.CheckPageLoadingState.waitToLoadPage(CheckPageLoadingState.java:56)
at com.linkedin.commomUtil.CheckPageLoadingState.waitToLoadPage(CheckPageLoadingState.java:56)
at com.linkedin.commomUtil.CheckPageLoadingState.waitToLoadPage(CheckPageLoadingState.java:56)
at com.linkedin.commomUtil.CheckPageLoadingState.waitToLoadPage(CheckPageLoadingState.java:56)
at com.linkedin.commomUtil.CheckPageLoadingState.waitToLoadPage(CheckPageLoadingState.java:56)
at com.linkedin.commomUtil.CheckPageLoadingState.waitToLoadPage(CheckPageLoadingState.java:56)
at com.linkedin.commomUtil.CheckPageLoadingState.waitToLoadPage(CheckPageLoadingState.java:56)
at com.linkedin.commomUtil.CheckPageLoadingState.waitToLoadPage(CheckPageLoadingState.java:56)
at com.linkedin.commomUtil.CheckPageLoadingState.waitToLoadPage(CheckPageLoadingState.java:56)
at com.linkedin.commomUtil.CheckPageLoadingState.waitToLoadPage(CheckPageLoadingState.java:56)
at com.linkedin.commomUtil.CheckPageLoadingState.waitToLoadPage(CheckPageLoadingState.java:56)
at com.linkedin.commomUtil.CheckPageLoadingState.waitToLoadPage(CheckPageLoadingState.java:56)
at com.linkedin.commomUtil.CheckPageLoadingState.waitToLoadPage(CheckPageLoadingState.java:56)
at com.linkedin.commomUtil.CheckPageLoadingState.waitToLoadPage(CheckPageLoadingState.java:56)
at com.linkedin.commomUtil.CheckPageLoadingState.waitToLoadPage(CheckPageLoadingState.java:56)
at com.linkedin.commomUtil.CheckPageLoadingState.waitToLoadPage(CheckPageLoadingState.java:56)
at com.linkedin.commomUtil.CheckPageLoadingState.waitToLoadPage(CheckPageLoadingState.java:56)
at com.linkedin.commomUtil.CheckPageLoadingState.waitToLoadPage(CheckPageLoadingState.java:56)
at com.linkedin.commomUtil.CheckPageLoadingState.waitToLoadPage(CheckPageLoadingState.java:56)
at com.linkedin.commomUtil.CheckPageLoadingState.waitToLoadPage(CheckPageLoadingState.java:56)
at com.linkedin.commomUtil.CheckPageLoadingState.waitToLoadPage(CheckPageLoadingState.java:56)
at com.linkedin.commomUtil.CheckPageLoadingState.waitToLoadPage(CheckPageLoadingState.java:56)
at com.linkedin.commomUtil.CheckPageLoadingState.waitToLoadPage(CheckPageLoadingState.java:56)
at com.linkedin.commomUtil.CheckPageLoadingState.waitToLoadPage(CheckPageLoadingState.java:56)
at com.linkedin.commomUtil.CheckPageLoadingState.waitToLoadPage(CheckPageLoadingState.java:56)
at com.linkedin.commomUtil.CheckPageLoadingState.waitToLoadPage(CheckPageLoadingState.java:56)
at com.linkedin.commomUtil.CheckPageLoadingState.waitToLoadPage(CheckPageLoadingState.java:56)
at com.linkedin.commomUtil.CheckPageLoadingState.waitToLoadPage(CheckPageLoadingState.java:56)
at com.linkedin.commomUtil.CheckPageLoadingState.waitToLoadPage(CheckPageLoadingState.java:56)
at com.linkedin.commomUtil.CheckPageLoadingState.waitToLoadPage(CheckPageLoadingState.java:56)
at com.linkedin.commomUtil.CheckPageLoadingState.waitToLoadPage(CheckPageLoadingState.java:56)
at com.linkedin.commomUtil.CheckPageLoadingState.waitToLoadPage(CheckPageLoadingState.java:56)
at com.linkedin.commomUtil.CheckPageLoadingState.waitToLoadPage(CheckPageLoadingState.java:56)
at com.linkedin.commomUtil.CheckPageLoadingState.waitToLoadPage(CheckPageLoadingState.java:56)
at com.linkedin.commomUtil.CheckPageLoadingState.waitToLoadPage(CheckPageLoadingState.java:56)
at com.linkedin.commomUtil.CheckPageLoadingState.waitToLoadPage(CheckPageLoadingState.java:56)
at com.linkedin.commomUtil.CheckPageLoadingState.waitToLoadPage(CheckPageLoadingState.java:56)
at com.linkedin.commomUtil.CheckPageLoadingState.waitToLoadPage(CheckPageLoadingState.java:56)
at com.linkedin.commomUtil.CheckPageLoadingState.waitToLoadPage(CheckPageLoadingState.java:56)
at com.linkedin.commomUtil.CheckPageLoadingState.waitToLoadPage(CheckPageLoadingState.java:56)
at com.linkedin.commomUtil.CheckPageLoadingState.waitToLoadPage(CheckPageLoadingState.java:56)
at com.linkedin.commomUtil.CheckPageLoadingState.waitToLoadPage(CheckPageLoadingState.java:56)
at com.linkedin.commomUtil.CheckPageLoadingState.waitToLoadPage(CheckPageLoadingState.java:56)
at com.linkedin.commomUtil.CheckPageLoadingState.waitToLoadPage(CheckPageLoadingState.java:56)
at com.linkedin.commomUtil.CheckPageLoadingState.waitToLoadPage(CheckPageLoadingState.java:56)
at com.linkedin.commomUtil.CheckPageLoadingState.waitToLoadPage(CheckPageLoadingState.java:56)
at com.linkedin.commomUtil.CheckPageLoadingState.waitToLoadPage(CheckPageLoadingState.java:56)
at com.linkedin.commomUtil.CheckPageLoadingState.waitToLoadPage(CheckPageLoadingState.java:56)
at com.linkedin.commomUtil.CheckPageLoadingState.waitToLoadPage(CheckPageLoadingState.java:56)
at com.linkedin.commomUtil.CheckPageLoadingState.waitToLoadPage(CheckPageLoadingState.java:56)
at com.linkedin.commomUtil.CheckPageLoadingState.waitToLoadPage(CheckPageLoadingState.java:56)
at com.linkedin.commomUtil.CheckPageLoadingState.waitToLoadPage(CheckPageLoadingState.java:56)
at com.linkedin.commomUtil.CheckPageLoadingState.waitToLoadPage(CheckPageLoadingState.java:56)
at com.linkedin.commomUtil.CheckPageLoadingState.waitToLoadPage(CheckPageLoadingState.java:56)
at com.linkedin.commomUtil.CheckPageLoadingState.waitToLoadPage(CheckPageLoadingState.java:56)
at com.linkedin.commomUtil.CheckPageLoadingState.waitToLoadPage(CheckPageLoadingState.java:56)
at com.linkedin.commomUtil.CheckPageLoadingState.waitToLoadPage(CheckPageLoadingState.java:56)
at com.linkedin.commomUtil.CheckPageLoadingState.waitToLoadPage(CheckPageLoadingState.java:56)
at com.linkedin.commomUtil.CheckPageLoadingState.waitToLoadPage(CheckPageLoadingState.java:56)
at com.linkedin.commomUtil.CheckPageLoadingState.waitToLoadPage(CheckPageLoadingState.java:56)
at com.linkedin.commomUtil.CheckPageLoadingState.waitToLoadPage(CheckPageLoadingState.java:56)
at com.linkedin.commomUtil.CheckPageLoadingState.waitToLoadPage(CheckPageLoadingState.java:56)
at com.linkedin.commomUtil.CheckPageLoadingState.waitToLoadPage(CheckPageLoadingState.java:56)
at com.linkedin.commomUtil.CheckPageLoadingState.waitToLoadPage(CheckPageLoadingState.java:56)
at com.linkedin.commomUtil.CheckPageLoadingState.waitToLoadPage(CheckPageLoadingState.java:56)
at com.linkedin.commomUtil.CheckPageLoadingState.waitToLoadPage(CheckPageLoadingState.java:56)
at com.linkedin.commomUtil.CheckPageLoadingState.waitToLoadPage(CheckPageLoadingState.java:56)
at com.linkedin.commomUtil.CheckPageLoadingState.waitToLoadPage(CheckPageLoadingState.java:56)
at com.linkedin.commomUtil.CheckPageLoadingState.waitToLoadPage(CheckPageLoadingState.java:56)
at com.linkedin.commomUtil.CheckPageLoadingState.waitToLoadPage(CheckPageLoadingState.java:56)
at com.linkedin.commomUtil.CheckPageLoadingState.waitToLoadPage(CheckPageLoadingState.java:56)
at com.linkedin.commomUtil.CheckPageLoadingState.waitToLoadPage(CheckPageLoadingState.java:56)
at com.linkedin.commomUtil.CheckPageLoadingState.waitToLoadPage(CheckPageLoadingState.java:56)
at com.linkedin.commomUtil.CheckPageLoadingState.waitToLoadPage(CheckPageLoadingState.java:56)
at com.linkedin.commomUtil.CheckPageLoadingState.waitToLoadPage(CheckPageLoadingState.java:56)
at com.linkedin.commomUtil.CheckPageLoadingState.waitToLoadPage(CheckPageLoadingState.java:56)
at com.linkedin.commomUtil.CheckPageLoadingState.waitToLoadPage(CheckPageLoadingState.java:56)
at com.linkedin.commomUtil.CheckPageLoadingState.waitToLoadPage(CheckPageLoadingState.java:56)
at com.linkedin.commomUtil.CheckPageLoadingState.waitToLoadPage(CheckPageLoadingState.java:56)
at com.linkedin.commomUtil.CheckPageLoadingState.waitToLoadPage(CheckPageLoadingState.java:56)
at com.linkedin.commomUtil.CheckPageLoadingState.waitToLoadPage(CheckPageLoadingState.java:56)
at com.linkedin.commomUtil.CheckPageLoadingState.waitToLoadPage(CheckPageLoadingState.java:56)
at com.linkedin.commomUtil.CheckPageLoadingState.waitToLoadPage(CheckPageLoadingState.java:56)
at com.linkedin.commomUtil.CheckPageLoadingState.waitToLoadPage(CheckPageLoadingState.java:56)
at com.linkedin.commomUtil.CheckPageLoadingState.waitToLoadPage(CheckPageLoadingState.java:56)
at com.linkedin.commomUtil.CheckPageLoadingState.waitToLoadPage(CheckPageLoadingState.java:56)
at com.linkedin.commomUtil.CheckPageLoadingState.waitToLoadPage(CheckPageLoadingState.java:56)
at com.linkedin.commomUtil.CheckPageLoadingState.waitToLoadPage(CheckPageLoadingState.java:56)
at com.linkedin.commomUtil.CheckPageLoadingState.waitToLoadPage(CheckPageLoadingState.java:56)
at com.linkedin.commomUtil.CheckPageLoadingState.waitToLoadPage(CheckPageLoadingState.java:56)
at com.linkedin.commomUtil.CheckPageLoadingState.waitToLoadPage(CheckPageLoadingState.java:56)
at com.linkedin.commomUtil.CheckPageLoadingState.waitToLoadPage(CheckPageLoadingState.java:56)
at com.linkedin.commomUtil.CheckPageLoadingState.waitToLoadPage(CheckPageLoadingState.java:56)
at com.linkedin.commomUtil.CheckPageLoadingState.waitToLoadPage(CheckPageLoadingState.java:56)
at com.linkedin.commomUtil.CheckPageLoadingState.waitToLoadPage(CheckPageLoadingState.java:56)
at com.linkedin.commomUtil.CheckPageLoadingState.waitToLoadPage(CheckPageLoadingState.java:56)
at com.linkedin.commomUtil.CheckPageLoadingState.waitToLoadPage(CheckPageLoadingState.java:56)
at com.linkedin.commomUtil.CheckPageLoadingState.waitToLoadPage(CheckPageLoadingState.java:56)
at com.linkedin.commomUtil.CheckPageLoadingState.waitToLoadPage(CheckPageLoadingState.java:56)
at com.linkedin.commomUtil.CheckPageLoadingState.waitToLoadPage(CheckPageLoadingState.java:56)
at com.linkedin.commomUtil.CheckPageLoadingState.waitToLoadPage(CheckPageLoadingState.java:56)
at com.linkedin.commomUtil.CheckPageLoadingState.waitToLoadPage(CheckPageLoadingState.java:56)
at com.linkedin.commomUtil.CheckPageLoadingState.waitToLoadPage(CheckPageLoadingState.java:56)
at com.linkedin.commomUtil.CheckPageLoadingState.waitToLoadPage(CheckPageLoadingState.java:56)
at com.linkedin.commomUtil.CheckPageLoadingState.waitToLoadPage(CheckPageLoadingState.java:56)
at com.linkedin.commomUtil.CheckPageLoadingState.waitToLoadPage(CheckPageLoadingState.java:56)
at com.linkedin.commomUtil.CheckPageLoadingState.waitToLoadPage(CheckPageLoadingState.java:56)
at com.linkedin.commomUtil.CheckPageLoadingState.waitToLoadPage(CheckPageLoadingState.java:56)
at com.linkedin.commomUtil.CheckPageLoadingState.waitToLoadPage(CheckPageLoadingState.java:56)
at com.linkedin.commomUtil.CheckPageLoadingState.waitToLoadPage(CheckPageLoadingState.java:56)
at com.linkedin.commomUtil.CheckPageLoadingState.waitToLoadPage(CheckPageLoadingState.java:56)
at com.linkedin.commomUtil.CheckPageLoadingState.waitToLoadPage(CheckPageLoadingState.java:56)
at com.linkedin.commomUtil.CheckPageLoadingState.waitToLoadPage(CheckPageLoadingState.java:56)
at com.linkedin.commomUtil.CheckPageLoadingState.waitToLoadPage(CheckPageLoadingState.java:56)
at com.linkedin.commomUtil.CheckPageLoadingState.waitToLoadPage(CheckPageLoadingState.java:56)
at com.linkedin.commomUtil.CheckPageLoadingState.waitToLoadPage(CheckPageLoadingState.java:56)
at com.linkedin.commomUtil.CheckPageLoadingState.waitToLoadPage(CheckPageLoadingState.java:56)
at com.linkedin.commomUtil.CheckPageLoadingState.waitToLoadPage(CheckPageLoadingState.java:56)
at com.linkedin.commomUtil.CheckPageLoadingState.waitToLoadPage(CheckPageLoadingState.java:56)
at com.linkedin.commomUtil.CheckPageLoadingState.waitToLoadPage(CheckPageLoadingState.java:56)
at com.linkedin.commomUtil.CheckPageLoadingState.waitToLoadPage(CheckPageLoadingState.java:56)
at com.linkedin.commomUtil.CheckPageLoadingState.waitToLoadPage(CheckPageLoadingState.java:56)
at com.linkedin.commomUtil.CheckPageLoadingState.waitToLoadPage(CheckPageLoadingState.java:56)
at com.linkedin.commomUtil.CheckPageLoadingState.waitToLoadPage(CheckPageLoadingState.java:56)
at com.linkedin.commomUtil.CheckPageLoadingState.waitToLoadPage(CheckPageLoadingState.java:56)
at com.linkedin.commomUtil.CheckPageLoadingState.waitToLoadPage(CheckPageLoadingState.java:56)
at com.linkedin.commomUtil.CheckPageLoadingState.waitToLoadPage(CheckPageLoadingState.java:56)
at com.linkedin.commomUtil.CheckPageLoadingState.waitToLoadPage(CheckPageLoadingState.java:56)
at com.linkedin.commomUtil.CheckPageLoadingState.waitToLoadPage(CheckPageLoadingState.java:56)
at com.linkedin.commomUtil.CheckPageLoadingState.waitToLoadPage(CheckPageLoadingState.java:56)
at com.linkedin.commomUtil.CheckPageLoadingState.waitToLoadPage(CheckPageLoadingState.java:56)
at com.linkedin.commomUtil.CheckPageLoadingState.waitToLoadPage(CheckPageLoadingState.java:56)
at com.linkedin.commomUtil.CheckPageLoadingState.waitToLoadPage(CheckPageLoadingState.java:56)
at com.linkedin.commomUtil.CheckPageLoadingState.waitToLoadPage(CheckPageLoadingState.java:56)
at com.linkedin.commomUtil.CheckPageLoadingState.waitToLoadPage(CheckPageLoadingState.java:56)
at com.linkedin.commomUtil.CheckPageLoadingState.waitToLoadPage(CheckPageLoadingState.java:56)
at com.linkedin.commomUtil.CheckPageLoadingState.waitToLoadPage(CheckPageLoadingState.java:56)
at com.linkedin.commomUtil.CheckPageLoadingState.waitToLoadPage(CheckPageLoadingState.java:56)
at com.linkedin.commomUtil.CheckPageLoadingState.waitToLoadPage(CheckPageLoadingState.java:56)
at com.linkedin.commomUtil.CheckPageLoadingState.waitToLoadPage(CheckPageLoadingState.java:56)
at com.linkedin.commomUtil.CheckPageLoadingState.waitToLoadPage(CheckPageLoadingState.java:56)
at com.linkedin.commomUtil.CheckPageLoadingState.waitToLoadPage(CheckPageLoadingState.java:56)
at com.linkedin.commomUtil.CheckPageLoadingState.waitToLoadPage(CheckPageLoadingState.java:56)
at com.linkedin.commomUtil.CheckPageLoadingState.waitToLoadPage(CheckPageLoadingState.java:56)
at com.linkedin.commomUtil.CheckPageLoadingState.waitToLoadPage(CheckPageLoadingState.java:56)
at com.linkedin.commomUtil.CheckPageLoadingState.waitToLoadPage(CheckPageLoadingState.java:56)
at com.linkedin.commomUtil.CheckPageLoadingState.waitToLoadPage(CheckPageLoadingState.java:56)
at com.linkedin.commomUtil.CheckPageLoadingState.waitToLoadPage(CheckPageLoadingState.java:56)
at com.linkedin.commomUtil.CheckPageLoadingState.waitToLoadPage(CheckPageLoadingState.java:56)
at com.linkedin.commomUtil.CheckPageLoadingState.waitToLoadPage(CheckPageLoadingState.java:56)
at com.linkedin.commomUtil.CheckPageLoadingState.waitToLoadPage(CheckPageLoadingState.java:56)
at com.linkedin.commomUtil.CheckPageLoadingState.waitToLoadPage(CheckPageLoadingState.java:56)
at com.linkedin.commomUtil.CheckPageLoadingState.waitToLoadPage(CheckPageLoadingState.java:56)
at com.linkedin.commomUtil.CheckPageLoadingState.waitToLoadPage(CheckPageLoadingState.java:56)
at com.linkedin.commomUtil.CheckPageLoadingState.waitToLoadPage(CheckPageLoadingState.java:56)
at com.linkedin.commomUtil.CheckPageLoadingState.waitToLoadPage(CheckPageLoadingState.java:56)
at com.linkedin.commomUtil.CheckPageLoadingState.waitToLoadPage(CheckPageLoadingState.java:56)
at com.linkedin.commomUtil.CheckPageLoadingState.waitToLoadPage(CheckPageLoadingState.java:56)
at com.linkedin.commomUtil.CheckPageLoadingState.waitToLoadPage(CheckPageLoadingState.java:56)
at com.linkedin.commomUtil.CheckPageLoadingState.waitToLoadPage(CheckPageLoadingState.java:56)
at com.linkedin.commomUtil.CheckPageLoadingState.waitToLoadPage(CheckPageLoadingState.java:56)
at com.linkedin.commomUtil.CheckPageLoadingState.waitToLoadPage(CheckPageLoadingState.java:56)
at com.linkedin.commomUtil.CheckPageLoadingState.waitToLoadPage(CheckPageLoadingState.java:56)
at com.linkedin.commomUtil.CheckPageLoadingState.waitToLoadPage(CheckPageLoadingState.java:56)
at com.linkedin.commomUtil.CheckPageLoadingState.waitToLoadPage(CheckPageLoadingState.java:56)
at com.linkedin.commomUtil.CheckPageLoadingState.waitToLoadPage(CheckPageLoadingState.java:56)
at com.linkedin.commomUtil.CheckPageLoadingState.waitToLoadPage(CheckPageLoadingState.java:56)
at com.linkedin.commomUtil.CheckPageLoadingState.waitToLoadPage(CheckPageLoadingState.java:56)
at com.linkedin.commomUtil.CheckPageLoadingState.waitToLoadPage(CheckPageLoadingState.java:56)
at com.linkedin.commomUtil.CheckPageLoadingState.waitToLoadPage(CheckPageLoadingState.java:56)
at com.linkedin.commomUtil.CheckPageLoadingState.waitToLoadPage(CheckPageLoadingState.java:56)
at com.linkedin.commomUtil.CheckPageLoadingState.waitToLoadPage(CheckPageLoadingState.java:56)
at com.linkedin.commomUtil.CheckPageLoadingState.waitToLoadPage(CheckPageLoadingState.java:56)
at com.linkedin.commomUtil.CheckPageLoadingState.waitToLoadPage(CheckPageLoadingState.java:56)
at com.linkedin.commomUtil.CheckPageLoadingState.waitToLoadPage(CheckPageLoadingState.java:56)
at com.linkedin.commomUtil.CheckPageLoadingState.waitToLoadPage(CheckPageLoadingState.java:56)
at com.linkedin.commomUtil.CheckPageLoadingState.waitToLoadPage(CheckPageLoadingState.java:56)
at com.linkedin.commomUtil.CheckPageLoadingState.waitToLoadPage(CheckPageLoadingState.java:56)
at com.linkedin.commomUtil.CheckPageLoadingState.waitToLoadPage(CheckPageLoadingState.java:56)
at com.linkedin.commomUtil.CheckPageLoadingState.waitToLoadPage(CheckPageLoadingState.java:56)
at com.linkedin.commomUtil.CheckPageLoadingState.waitToLoadPage(CheckPageLoadingState.java:56)
at com.linkedin.commomUtil.CheckPageLoadingState.waitToLoadPage(CheckPageLoadingState.java:56)
at com.linkedin.commomUtil.CheckPageLoadingState.waitToLoadPage(CheckPageLoadingState.java:56)
at com.linkedin.commomUtil.CheckPageLoadingState.waitToLoadPage(CheckPageLoadingState.java:56)
at com.linkedin.commomUtil.CheckPageLoadingState.waitToLoadPage(CheckPageLoadingState.java:56)
at com.linkedin.commomUtil.CheckPageLoadingState.waitToLoadPage(CheckPageLoadingState.java:56)
at com.linkedin.commomUtil.CheckPageLoadingState.waitToLoadPage(CheckPageLoadingState.java:56)
at com.linkedin.commomUtil.CheckPageLoadingState.waitToLoadPage(CheckPageLoadingState.java:56)
at com.linkedin.commomUtil.CheckPageLoadingState.waitToLoadPage(CheckPageLoadingState.java:56)
at com.linkedin.commomUtil.CheckPageLoadingState.waitToLoadPage(CheckPageLoadingState.java:56)
at com.linkedin.commomUtil.CheckPageLoadingState.waitToLoadPage(CheckPageLoadingState.java:56)
at com.linkedin.commomUtil.CheckPageLoadingState.waitToLoadPage(CheckPageLoadingState.java:56)
at com.linkedin.commomUtil.CheckPageLoadingState.waitToLoadPage(CheckPageLoadingState.java:56)
at com.linkedin.commomUtil.CheckPageLoadingState.waitToLoadPage(CheckPageLoadingState.java:56)
at com.linkedin.commomUtil.CheckPageLoadingState.waitToLoadPage(CheckPageLoadingState.java:56)
at com.linkedin.commomUtil.CheckPageLoadingState.waitToLoadPage(CheckPageLoadingState.java:56)
at com.linkedin.commomUtil.CheckPageLoadingState.waitToLoadPage(CheckPageLoadingState.java:56)
at com.linkedin.commomUtil.CheckPageLoadingState.waitToLoadPage(CheckPageLoadingState.java:56)
at com.linkedin.commomUtil.CheckPageLoadingState.waitToLoadPage(CheckPageLoadingState.java:56)
at com.linkedin.commomUtil.CheckPageLoadingState.waitToLoadPage(CheckPageLoadingState.java:56)
at com.linkedin.commomUtil.CheckPageLoadingState.waitToLoadPage(CheckPageLoadingState.java:56)
at com.linkedin.commomUtil.CheckPageLoadingState.waitToLoadPage(CheckPageLoadingState.java:56)
at com.linkedin.commomUtil.CheckPageLoadingState.waitToLoadPage(CheckPageLoadingState.java:56)
at com.linkedin.commomUtil.CheckPageLoadingState.waitToLoadPage(CheckPageLoadingState.java:56)
at com.linkedin.commomUtil.CheckPageLoadingState.waitToLoadPage(CheckPageLoadingState.java:56)
at com.linkedin.commomUtil.CheckPageLoadingState.waitToLoadPage(CheckPageLoadingState.java:56)
at com.linkedin.commomUtil.CheckPageLoadingState.waitToLoadPage(CheckPageLoadingState.java:56)
at com.linkedin.commomUtil.CheckPageLoadingState.waitToLoadPage(CheckPageLoadingState.java:56)
at com.linkedin.commomUtil.CheckPageLoadingState.waitToLoadPage(CheckPageLoadingState.java:56)
at com.linkedin.commomUtil.CheckPageLoadingState.waitToLoadPage(CheckPageLoadingState.java:56)
at com.linkedin.commomUtil.CheckPageLoadingState.waitToLoadPage(CheckPageLoadingState.java:56)
at com.linkedin.commomUtil.CheckPageLoadingState.waitToLoadPage(CheckPageLoadingState.java:56)
at com.linkedin.commomUtil.CheckPageLoadingState.waitToLoadPage(CheckPageLoadingState.java:56)
at com.linkedin.commomUtil.CheckPageLoadingState.waitToLoadPage(CheckPageLoadingState.java:56)
at com.linkedin.commomUtil.CheckPageLoadingState.waitToLoadPage(CheckPageLoadingState.java:56)
at com.linkedin.commomUtil.CheckPageLoadingState.waitToLoadPage(CheckPageLoadingState.java:56)
at com.linkedin.commomUtil.CheckPageLoadingState.waitToLoadPage(CheckPageLoadingState.java:56)
at com.linkedin.commomUtil.CheckPageLoadingState.waitToLoadPage(CheckPageLoadingState.java:56)
at com.linkedin.commomUtil.CheckPageLoadingState.waitToLoadPage(CheckPageLoadingState.java:56)
at com.linkedin.commomUtil.CheckPageLoadingState.waitToLoadPage(CheckPageLoadingState.java:56)
at com.linkedin.commomUtil.CheckPageLoadingState.waitToLoadPage(CheckPageLoadingState.java:56)
at com.linkedin.commomUtil.CheckPageLoadingState.waitToLoadPage(CheckPageLoadingState.java:56)
at com.linkedin.commomUtil.CheckPageLoadingState.waitToLoadPage(CheckPageLoadingState.java:56)
at com.linkedin.commomUtil.CheckPageLoadingState.waitToLoadPage(CheckPageLoadingState.java:56)
at com.linkedin.commomUtil.CheckPageLoadingState.waitToLoadPage(CheckPageLoadingState.java:56)
at com.linkedin.commomUtil.CheckPageLoadingState.waitToLoadPage(CheckPageLoadingState.java:56)
at com.linkedin.commomUtil.CheckPageLoadingState.waitToLoadPage(CheckPageLoadingState.java:56)
at com.linkedin.commomUtil.CheckPageLoadingState.waitToLoadPage(CheckPageLoadingState.java:56)
at com.linkedin.commomUtil.CheckPageLoadingState.waitToLoadPage(CheckPageLoadingState.java:56)
at com.linkedin.commomUtil.CheckPageLoadingState.waitToLoadPage(CheckPageLoadingState.java:56)
at com.linkedin.commomUtil.CheckPageLoadingState.waitToLoadPage(CheckPageLoadingState.java:56)
at com.linkedin.commomUtil.CheckPageLoadingState.waitToLoadPage(CheckPageLoadingState.java:56)
at com.linkedin.commomUtil.CheckPageLoadingState.waitToLoadPage(CheckPageLoadingState.java:56)
at com.linkedin.commomUtil.CheckPageLoadingState.waitToLoadPage(CheckPageLoadingState.java:56)
at com.linkedin.commomUtil.CheckPageLoadingState.waitToLoadPage(CheckPageLoadingState.java:56)
at com.linkedin.commomUtil.CheckPageLoadingState.waitToLoadPage(CheckPageLoadingState.java:56)
at com.linkedin.commomUtil.CheckPageLoadingState.waitToLoadPage(CheckPageLoadingState.java:56)
at com.linkedin.commomUtil.CheckPageLoadingState.waitToLoadPage(CheckPageLoadingState.java:56)
at com.linkedin.commomUtil.CheckPageLoadingState.waitToLoadPage(CheckPageLoadingState.java:56)
at com.linkedin.commomUtil.CheckPageLoadingState.waitToLoadPage(CheckPageLoadingState.java:56)
at com.linkedin.commomUtil.CheckPageLoadingState.waitToLoadPage(CheckPageLoadingState.java:56)
at com.linkedin.commomUtil.CheckPageLoadingState.waitToLoadPage(CheckPageLoadingState.java:56)
at com.linkedin.commomUtil.CheckPageLoadingState.waitToLoadPage(CheckPageLoadingState.java:56)
at com.linkedin.commomUtil.CheckPageLoadingState.waitToLoadPage(CheckPageLoadingState.java:56)
at com.linkedin.commomUtil.CheckPageLoadingState.waitToLoadPage(CheckPageLoadingState.java:56)
at com.linkedin.commomUtil.CheckPageLoadingState.waitToLoadPage(CheckPageLoadingState.java:56)
at com.linkedin.commomUtil.CheckPageLoadingState.waitToLoadPage(CheckPageLoadingState.java:56)
at com.linkedin.commomUtil.CheckPageLoadingState.waitToLoadPage(CheckPageLoadingState.java:56)
at com.linkedin.commomUtil.CheckPageLoadingState.waitToLoadPage(CheckPageLoadingState.java:56)
at com.linkedin.commomUtil.CheckPageLoadingState.waitToLoadPage(CheckPageLoadingState.java:56)
at com.linkedin.commomUtil.CheckPageLoadingState.waitToLoadPage(CheckPageLoadingState.java:56)
at com.linkedin.commomUtil.CheckPageLoadingState.waitToLoadPage(CheckPageLoadingState.java:56)
at com.linkedin.commomUtil.CheckPageLoadingState.waitToLoadPage(CheckPageLoadingState.java:56)
at com.linkedin.commomUtil.CheckPageLoadingState.waitToLoadPage(CheckPageLoadingState.java:56)
at com.linkedin.commomUtil.CheckPageLoadingState.waitToLoadPage(CheckPageLoadingState.java:56)
at com.linkedin.commomUtil.CheckPageLoadingState.waitToLoadPage(CheckPageLoadingState.java:56)
at com.linkedin.commomUtil.CheckPageLoadingState.waitToLoadPage(CheckPageLoadingState.java:56)
at com.linkedin.commomUtil.CheckPageLoadingState.waitToLoadPage(CheckPageLoadingState.java:56)
at com.linkedin.commomUtil.CheckPageLoadingState.waitToLoadPage(CheckPageLoadingState.java:56)
at com.linkedin.commomUtil.CheckPageLoadingState.waitToLoadPage(CheckPageLoadingState.java:56)
at com.linkedin.commomUtil.CheckPageLoadingState.waitToLoadPage(CheckPageLoadingState.java:56)
at com.linkedin.commomUtil.CheckPageLoadingState.waitToLoadPage(CheckPageLoadingState.java:56)
at com.linkedin.commomUtil.CheckPageLoadingState.waitToLoadPage(CheckPageLoadingState.java:56)
at com.linkedin.commomUtil.CheckPageLoadingState.waitToLoadPage(CheckPageLoadingState.java:56)
at com.linkedin.commomUtil.CheckPageLoadingState.waitToLoadPage(CheckPageLoadingState.java:56)
at com.linkedin.commomUtil.CheckPageLoadingState.waitToLoadPage(CheckPageLoadingState.java:56)
at com.linkedin.commomUtil.CheckPageLoadingState.waitToLoadPage(CheckPageLoadingState.java:56)
at com.linkedin.commomUtil.CheckPageLoadingState.waitToLoadPage(CheckPageLoadingState.java:56)
at com.linkedin.commomUtil.CheckPageLoadingState.waitToLoadPage(CheckPageLoadingState.java:56)
at com.linkedin.commomUtil.CheckPageLoadingState.waitToLoadPage(CheckPageLoadingState.java:56)
at com.linkedin.commomUtil.CheckPageLoadingState.waitToLoadPage(CheckPageLoadingState.java:56)
at com.linkedin.commomUtil.CheckPageLoadingState.waitToLoadPage(CheckPageLoadingState.java:56)
at com.linkedin.commomUtil.CheckPageLoadingState.waitToLoadPage(CheckPageLoadingState.java:56)
at com.linkedin.commomUtil.CheckPageLoadingState.waitToLoadPage(CheckPageLoadingState.java:56)
at com.linkedin.commomUtil.CheckPageLoadingState.waitToLoadPage(CheckPageLoadingState.java:56)
at com.linkedin.commomUtil.CheckPageLoadingState.waitToLoadPage(CheckPageLoadingState.java:56)
at com.linkedin.commomUtil.CheckPageLoadingState.waitToLoadPage(CheckPageLoadingState.java:56)
at com.linkedin.commomUtil.CheckPageLoadingState.waitToLoadPage(CheckPageLoadingState.java:56)
at com.linkedin.commomUtil.CheckPageLoadingState.waitToLoadPage(CheckPageLoadingState.java:56)
at com.linkedin.commomUtil.CheckPageLoadingState.waitToLoadPage(CheckPageLoadingState.java:56)
at com.linkedin.commomUtil.CheckPageLoadingState.waitToLoadPage(CheckPageLoadingState.java:56)
at com.linkedin.commomUtil.CheckPageLoadingState.waitToLoadPage(CheckPageLoadingState.java:56)
at com.linkedin.commomUtil.CheckPageLoadingState.waitToLoadPage(CheckPageLoadingState.java:56)
at com.linkedin.commomUtil.CheckPageLoadingState.waitToLoadPage(CheckPageLoadingState.java:56)
at com.linkedin.commomUtil.CheckPageLoadingState.waitToLoadPage(CheckPageLoadingState.java:56)
at com.linkedin.commomUtil.CheckPageLoadingState.waitToLoadPage(CheckPageLoadingState.java:56)
at com.linkedin.commomUtil.CheckPageLoadingState.waitToLoadPage(CheckPageLoadingState.java:56)
at com.linkedin.commomUtil.CheckPageLoadingState.waitToLoadPage(CheckPageLoadingState.java:56)
at com.linkedin.commomUtil.CheckPageLoadingState.waitToLoadPage(CheckPageLoadingState.java:56)
at com.linkedin.commomUtil.CheckPageLoadingState.waitToLoadPage(CheckPageLoadingState.java:56)
at com.linkedin.commomUtil.CheckPageLoadingState.waitToLoadPage(CheckPageLoadingState.java:56)
at com.linkedin.commomUtil.CheckPageLoadingState.waitToLoadPage(CheckPageLoadingState.java:56)
at com.linkedin.commomUtil.CheckPageLoadingState.waitToLoadPage(CheckPageLoadingState.java:56)
at com.linkedin.commomUtil.CheckPageLoadingState.waitToLoadPage(CheckPageLoadingState.java:56)
at com.linkedin.commomUtil.CheckPageLoadingState.waitToLoadPage(CheckPageLoadingState.java:56)
at com.linkedin.commomUtil.CheckPageLoadingState.waitToLoadPage(CheckPageLoadingState.java:56)
at com.linkedin.commomUtil.CheckPageLoadingState.waitToLoadPage(CheckPageLoadingState.java:56)
at com.linkedin.commomUtil.CheckPageLoadingState.waitToLoadPage(CheckPageLoadingState.java:56)
at com.linkedin.commomUtil.CheckPageLoadingState.waitToLoadPage(CheckPageLoadingState.java:56)
at com.linkedin.commomUtil.CheckPageLoadingState.waitToLoadPage(CheckPageLoadingState.java:56)
at com.linkedin.commomUtil.CheckPageLoadingState.waitToLoadPage(CheckPageLoadingState.java:56)
at com.linkedin.commomUtil.CheckPageLoadingState.waitToLoadPage(CheckPageLoadingState.java:56)
at com.linkedin.commomUtil.CheckPageLoadingState.waitToLoadPage(CheckPageLoadingState.java:56)
at com.linkedin.commomUtil.CheckPageLoadingState.waitToLoadPage(CheckPageLoadingState.java:56)
at com.linkedin.commomUtil.CheckPageLoadingState.waitToLoadPage(CheckPageLoadingState.java:56)
at com.linkedin.commomUtil.CheckPageLoadingState.waitToLoadPage(CheckPageLoadingState.java:56)
at com.linkedin.commomUtil.CheckPageLoadingState.waitToLoadPage(CheckPageLoadingState.java:56)
at com.linkedin.commomUtil.CheckPageLoadingState.waitToLoadPage(CheckPageLoadingState.java:56)
at com.linkedin.commomUtil.CheckPageLoadingState.waitToLoadPage(CheckPageLoadingState.java:56)
at com.linkedin.commomUtil.CheckPageLoadingState.waitToLoadPage(CheckPageLoadingState.java:56)
at com.linkedin.commomUtil.CheckPageLoadingState.waitToLoadPage(CheckPageLoadingState.java:56)
at com.linkedin.commomUtil.CheckPageLoadingState.waitToLoadPage(CheckPageLoadingState.java:56)
at com.linkedin.commomUtil.CheckPageLoadingState.waitToLoadPage(CheckPageLoadingState.java:56)
at com.linkedin.commomUtil.CheckPageLoadingState.waitToLoadPage(CheckPageLoadingState.java:56)
at com.linkedin.commomUtil.CheckPageLoadingState.waitToLoadPage(CheckPageLoadingState.java:56)
at com.linkedin.commomUtil.CheckPageLoadingState.waitToLoadPage(CheckPageLoadingState.java:56)
at com.linkedin.commomUtil.CheckPageLoadingState.waitToLoadPage(CheckPageLoadingState.java:56)
at com.linkedin.commomUtil.CheckPageLoadingState.waitToLoadPage(CheckPageLoadingState.java:56)
at com.linkedin.commomUtil.CheckPageLoadingState.waitToLoadPage(CheckPageLoadingState.java:56)
at com.linkedin.commomUtil.CheckPageLoadingState.waitToLoadPage(CheckPageLoadingState.java:56)
at com.linkedin.commomUtil.CheckPageLoadingState.waitToLoadPage(CheckPageLoadingState.java:56)
at com.linkedin.commomUtil.CheckPageLoadingState.waitToLoadPage(CheckPageLoadingState.java:56)
at com.linkedin.commomUtil.CheckPageLoadingState.waitToLoadPage(CheckPageLoadingState.java:56)
at com.linkedin.commomUtil.CheckPageLoadingState.waitToLoadPage(CheckPageLoadingState.java:56)
at com.linkedin.commomUtil.CheckPageLoadingState.waitToLoadPage(CheckPageLoadingState.java:56)
at com.linkedin.commomUtil.CheckPageLoadingState.waitToLoadPage(CheckPageLoadingState.java:56)
at com.linkedin.commomUtil.CheckPageLoadingState.waitToLoadPage(CheckPageLoadingState.java:56)
at com.linkedin.commomUtil.CheckPageLoadingState.waitToLoadPage(CheckPageLoadingState.java:56)
at com.linkedin.commomUtil.CheckPageLoadingState.waitToLoadPage(CheckPageLoadingState.java:56)
at com.linkedin.commomUtil.CheckPageLoadingState.waitToLoadPage(CheckPageLoadingState.java:56)
at com.linkedin.commomUtil.CheckPageLoadingState.waitToLoadPage(CheckPageLoadingState.java:56)
at com.linkedin.commomUtil.CheckPageLoadingState.waitToLoadPage(CheckPageLoadingState.java:56)
at com.linkedin.commomUtil.CheckPageLoadingState.waitToLoadPage(CheckPageLoadingState.java:56)
at com.linkedin.commomUtil.CheckPageLoadingState.waitToLoadPage(CheckPageLoadingState.java:56)
at com.linkedin.commomUtil.CheckPageLoadingState.waitToLoadPage(CheckPageLoadingState.java:56)
at com.linkedin.commomUtil.CheckPageLoadingState.waitToLoadPage(CheckPageLoadingState.java:56)
at com.linkedin.commomUtil.CheckPageLoadingState.waitToLoadPage(CheckPageLoadingState.java:56)
at com.linkedin.commomUtil.CheckPageLoadingState.waitToLoadPage(CheckPageLoadingState.java:56)
at com.linkedin.commomUtil.CheckPageLoadingState.waitToLoadPage(CheckPageLoadingState.java:56)
at com.linkedin.commomUtil.CheckPageLoadingState.waitToLoadPage(CheckPageLoadingState.java:56)
at com.linkedin.commomUtil.CheckPageLoadingState.waitToLoadPage(CheckPageLoadingState.java:56)
at com.linkedin.commomUtil.CheckPageLoadingState.waitToLoadPage(CheckPageLoadingState.java:56)
at com.linkedin.commomUtil.CheckPageLoadingState.waitToLoadPage(CheckPageLoadingState.java:56)
at com.linkedin.commomUtil.CheckPageLoadingState.waitToLoadPage(CheckPageLoadingState.java:56)
at com.linkedin.commomUtil.CheckPageLoadingState.waitToLoadPage(CheckPageLoadingState.java:56)
at com.linkedin.commomUtil.CheckPageLoadingState.waitToLoadPage(CheckPageLoadingState.java:56)
at com.linkedin.commomUtil.CheckPageLoadingState.waitToLoadPage(CheckPageLoadingState.java:56)
at com.linkedin.commomUtil.CheckPageLoadingState.waitToLoadPage(CheckPageLoadingState.java:56)
at com.linkedin.commomUtil.CheckPageLoadingState.waitToLoadPage(CheckPageLoadingState.java:56)
at com.linkedin.commomUtil.CheckPageLoadingState.waitToLoadPage(CheckPageLoadingState.java:56)
at com.linkedin.commomUtil.CheckPageLoadingState.waitToLoadPage(CheckPageLoadingState.java:56)
at com.linkedin.commomUtil.CheckPageLoadingState.waitToLoadPage(CheckPageLoadingState.java:56)
at com.linkedin.commomUtil.CheckPageLoadingState.waitToLoadPage(CheckPageLoadingState.java:56)
at com.linkedin.commomUtil.CheckPageLoadingState.waitToLoadPage(CheckPageLoadingState.java:56)
at com.linkedin.commomUtil.CheckPageLoadingState.waitToLoadPage(CheckPageLoadingState.java:56)
at com.linkedin.commomUtil.CheckPageLoadingState.waitToLoadPage(CheckPageLoadingState.java:56)
at com.linkedin.commomUtil.CheckPageLoadingState.waitToLoadPage(CheckPageLoadingState.java:56)
at com.linkedin.commomUtil.CheckPageLoadingState.waitToLoadPage(CheckPageLoadingState.java:56)
at com.linkedin.commomUtil.CheckPageLoadingState.waitToLoadPage(CheckPageLoadingState.java:56)
at com.linkedin.commomUtil.CheckPageLoadingState.waitToLoadPage(CheckPageLoadingState.java:56)
at com.linkedin.commomUtil.CheckPageLoadingState.waitToLoadPage(CheckPageLoadingState.java:56)
at com.linkedin.commomUtil.CheckPageLoadingState.waitToLoadPage(CheckPageLoadingState.java:56)
at com.linkedin.commomUtil.CheckPageLoadingState.waitToLoadPage(CheckPageLoadingState.java:56)
at com.linkedin.commomUtil.CheckPageLoadingState.waitToLoadPage(CheckPageLoadingState.java:56)
at com.linkedin.commomUtil.CheckPageLoadingState.waitToLoadPage(CheckPageLoadingState.java:56)
at com.linkedin.commomUtil.CheckPageLoadingState.waitToLoadPage(CheckPageLoadingState.java:56)
at com.linkedin.commomUtil.CheckPageLoadingState.waitToLoadPage(CheckPageLoadingState.java:56)
at com.linkedin.commomUtil.CheckPageLoadingState.waitToLoadPage(CheckPageLoadingState.java:56)
at com.linkedin.commomUtil.CheckPageLoadingState.waitToLoadPage(CheckPageLoadingState.java:56)
at com.linkedin.commomUtil.CheckPageLoadingState.waitToLoadPage(CheckPageLoadingState.java:56)
at com.linkedin.commomUtil.CheckPageLoadingState.waitToLoadPage(CheckPageLoadingState.java:56)
at com.linkedin.commomUtil.CheckPageLoadingState.waitToLoadPage(CheckPageLoadingState.java:56)
at com.linkedin.commomUtil.CheckPageLoadingState.waitToLoadPage(CheckPageLoadingState.java:56)
at com.linkedin.commomUtil.CheckPageLoadingState.waitToLoadPage(CheckPageLoadingState.java:56)
at com.linkedin.commomUtil.CheckPageLoadingState.waitToLoadPage(CheckPageLoadingState.java:56)
at com.linkedin.commomUtil.CheckPageLoadingState.waitToLoadPage(CheckPageLoadingState.java:56)
at com.linkedin.commomUtil.CheckPageLoadingState.waitToLoadPage(CheckPageLoadingState.java:56)
at com.linkedin.commomUtil.CheckPageLoadingState.waitToLoadPage(CheckPageLoadingState.java:56)
at com.linkedin.commomUtil.CheckPageLoadingState.waitToLoadPage(CheckPageLoadingState.java:56)
at com.linkedin.commomUtil.CheckPageLoadingState.waitToLoadPage(CheckPageLoadingState.java:56)
at com.linkedin.commomUtil.CheckPageLoadingState.waitToLoadPage(CheckPageLoadingState.java:56)
at com.linkedin.commomUtil.CheckPageLoadingState.waitToLoadPage(CheckPageLoadingState.java:56)
at com.linkedin.commomUtil.CheckPageLoadingState.waitToLoadPage(CheckPageLoadingState.java:56)
at com.linkedin.commomUtil.CheckPageLoadingState.waitToLoadPage(CheckPageLoadingState.java:56)
at com.linkedin.commomUtil.CheckPageLoadingState.waitToLoadPage(CheckPageLoadingState.java:56)
at com.linkedin.commomUtil.CheckPageLoadingState.waitToLoadPage(CheckPageLoadingState.java:56)
at com.linkedin.commomUtil.CheckPageLoadingState.waitToLoadPage(CheckPageLoadingState.java:56)
at com.linkedin.commomUtil.CheckPageLoadingState.waitToLoadPage(CheckPageLoadingState.java:56)
at com.linkedin.commomUtil.CheckPageLoadingState.waitToLoadPage(CheckPageLoadingState.java:56)
at com.linkedin.commomUtil.CheckPageLoadingState.waitToLoadPage(CheckPageLoadingState.java:56)
at com.linkedin.commomUtil.CheckPageLoadingState.waitToLoadPage(CheckPageLoadingState.java:56)
at com.linkedin.commomUtil.CheckPageLoadingState.waitToLoadPage(CheckPageLoadingState.java:56)
at com.linkedin.commomUtil.CheckPageLoadingState.waitToLoadPage(CheckPageLoadingState.java:56)
at com.linkedin.commomUtil.CheckPageLoadingState.waitToLoadPage(CheckPageLoadingState.java:56)
at com.linkedin.commomUtil.CheckPageLoadingState.waitToLoadPage(CheckPageLoadingState.java:56)
at com.linkedin.commomUtil.CheckPageLoadingState.waitToLoadPage(CheckPageLoadingState.java:56)
at com.linkedin.commomUtil.CheckPageLoadingState.waitToLoadPage(CheckPageLoadingState.java:56)
at com.linkedin.commomUtil.CheckPageLoadingState.waitToLoadPage(CheckPageLoadingState.java:56)
at com.linkedin.commomUtil.CheckPageLoadingState.waitToLoadPage(CheckPageLoadingState.java:56)
at com.linkedin.commomUtil.CheckPageLoadingState.waitToLoadPage(CheckPageLoadingState.java:56)
at com.linkedin.commomUtil.CheckPageLoadingState.waitToLoadPage(CheckPageLoadingState.java:56)
at com.linkedin.commomUtil.CheckPageLoadingState.waitToLoadPage(CheckPageLoadingState.java:56)
]]>
    </failure>
  </testcase> <!-- execution -->
</testsuite> <!-- Default test -->
