<?xml version="1.0" encoding="UTF-8"?>
<testsuite name="Test"
           tests="5"
           failures="0"
           errors="0"
           skipped="0"
           time="3.625">
    <properties/>


    <testcase name="postCustomer" time="0.518" classname="com.codeOfCritical.BDD.CreateCustomer"/>
    <testcase name="postCustomer" time="1.020" classname="com.codeOfCritical.BDD.CreateCustomer"/>
    <testcase name="postCustomer" time="0.762" classname="com.codeOfCritical.BDD.CreateCustomer"/>
    <testcase name="postCustomer" time="0.556" classname="com.codeOfCritical.BDD.CreateCustomer"/>
    <testcase name="postCustomer" time="0.769" classname="com.codeOfCritical.BDD.CreateCustomer"/>

</testsuite>
