<?xml version="1.0" encoding="UTF-8"?>
<testsuite name="Test"
           tests="1"
           failures="1"
           errors="0"
           skipped="0"
           time="0.955">
    <properties/>
    <testcase name="DeleteSingleCustomer" time="0.955" classname="com.codeOfCritical.BDD.DeleteCustomer">
        <failure type="java.net.ConnectException"
                 message="Connection refused: connect"
        >
            <![CDATA[java.net.ConnectException: Connection refused: connect
  java.base/sun.nio.ch.Net.connect0(Native Method)
  java.base/sun.nio.ch.Net.connect(Net.java:579)
  java.base/sun.nio.ch.Net.connect(Net.java:568)
  java.base/sun.nio.ch.NioSocketImpl.connect(NioSocketImpl.java:588)
  java.base/java.net.SocksSocketImpl.connect(SocksSocketImpl.java:327)
  java.base/java.net.Socket.connect(Socket.java:633)
  org.apache.http.conn.scheme.PlainSocketFactory.connectSocket(PlainSocketFactory.java:121)
  org.apache.http.impl.conn.DefaultClientConnectionOperator.openConnection(DefaultClientConnectionOperator.java:180)
  org.apache.http.impl.conn.ManagedClientConnectionImpl.open(ManagedClientConnectionImpl.java:326)
  org.apache.http.impl.client.DefaultRequestDirector.tryConnect(DefaultRequestDirector.java:605)
  org.apache.http.impl.client.DefaultRequestDirector.execute(DefaultRequestDirector.java:440)
  org.apache.http.impl.client.AbstractHttpClient.doExecute(AbstractHttpClient.java:835)
  org.apache.http.impl.client.CloseableHttpClient.execute(CloseableHttpClient.java:83)
  org.apache.http.impl.client.CloseableHttpClient.execute(CloseableHttpClient.java:56)
  org.apache.http.client.HttpClient$execute$0.call(Unknown Source)
  org.codehaus.groovy.runtime.callsite.CallSiteArray.defaultCall(CallSiteArray.java:47)
  org.codehaus.groovy.runtime.callsite.AbstractCallSite.call(AbstractCallSite.java:125)
  org.codehaus.groovy.runtime.callsite.AbstractCallSite.call(AbstractCallSite.java:148)
  io.restassured.internal.RequestSpecificationImpl$RestAssuredHttpBuilder.doRequest(RequestSpecificationImpl.groovy:2088)
  io.restassured.internal.http.HTTPBuilder.doRequest(HTTPBuilder.java:497)
  io.restassured.internal.http.HTTPBuilder.request(HTTPBuilder.java:454)
  io.restassured.internal.http.HTTPBuilder$request$2.call(Unknown Source)
  org.codehaus.groovy.runtime.callsite.CallSiteArray.defaultCall(CallSiteArray.java:47)
  org.codehaus.groovy.runtime.callsite.AbstractCallSite.call(AbstractCallSite.java:125)
  org.codehaus.groovy.runtime.callsite.AbstractCallSite.call(AbstractCallSite.java:166)
  io.restassured.internal.RequestSpecificationImpl.sendHttpRequest(RequestSpecificationImpl.groovy:1465)
  java.base/jdk.internal.reflect.NativeMethodAccessorImpl.invoke0(Native Method)
  java.base/jdk.internal.reflect.NativeMethodAccessorImpl.invoke(NativeMethodAccessorImpl.java:77)
  java.base/jdk.internal.reflect.DelegatingMethodAccessorImpl.invoke(DelegatingMethodAccessorImpl.java:43)
  java.base/java.lang.reflect.Method.invoke(Method.java:568)
  org.codehaus.groovy.reflection.CachedMethod.invoke(CachedMethod.java:107)
  groovy.lang.MetaMethod.doMethodInvoke(MetaMethod.java:323)
  groovy.lang.MetaClassImpl.invokeMethod(MetaClassImpl.java:1268)
  groovy.lang.MetaClassImpl.invokeMethod(MetaClassImpl.java:1035)
  groovy.lang.MetaClassImpl.invokeMethod(MetaClassImpl.java:819)
  groovy.lang.GroovyObject.invokeMethod(GroovyObject.java:39)
  org.codehaus.groovy.runtime.callsite.PogoInterceptableSite.call(PogoInterceptableSite.java:45)
  org.codehaus.groovy.runtime.callsite.PogoInterceptableSite.callCurrent(PogoInterceptableSite.java:55)
  org.codehaus.groovy.runtime.callsite.CallSiteArray.defaultCallCurrent(CallSiteArray.java:51)
  org.codehaus.groovy.runtime.callsite.AbstractCallSite.callCurrent(AbstractCallSite.java:171)
  io.restassured.internal.RequestSpecificationImpl.sendRequest(RequestSpecificationImpl.groovy:1214)
  java.base/jdk.internal.reflect.NativeMethodAccessorImpl.invoke0(Native Method)
  java.base/jdk.internal.reflect.NativeMethodAccessorImpl.invoke(NativeMethodAccessorImpl.java:77)
  java.base/jdk.internal.reflect.DelegatingMethodAccessorImpl.invoke(DelegatingMethodAccessorImpl.java:43)
  java.base/java.lang.reflect.Method.invoke(Method.java:568)
  org.codehaus.groovy.reflection.CachedMethod.invoke(CachedMethod.java:107)
  groovy.lang.MetaMethod.doMethodInvoke(MetaMethod.java:323)
  groovy.lang.MetaClassImpl.invokeMethod(MetaClassImpl.java:1268)
  groovy.lang.MetaClassImpl.invokeMethod(MetaClassImpl.java:1035)
  groovy.lang.MetaClassImpl.invokeMethod(MetaClassImpl.java:819)
  groovy.lang.GroovyObject.invokeMethod(GroovyObject.java:39)
  org.codehaus.groovy.runtime.callsite.PogoInterceptableSite.call(PogoInterceptableSite.java:45)
  org.codehaus.groovy.runtime.callsite.CallSiteArray.defaultCall(CallSiteArray.java:47)
  org.codehaus.groovy.runtime.callsite.AbstractCallSite.call(AbstractCallSite.java:125)
  org.codehaus.groovy.runtime.callsite.AbstractCallSite.call(AbstractCallSite.java:166)
  io.restassured.internal.filter.SendRequestFilter.filter(SendRequestFilter.groovy:30)
  io.restassured.filter.Filter$filter$0.call(Unknown Source)
  org.codehaus.groovy.runtime.callsite.CallSiteArray.defaultCall(CallSiteArray.java:47)
  io.restassured.filter.Filter$filter.call(Unknown Source)
  io.restassured.internal.filter.FilterContextImpl.next(FilterContextImpl.groovy:72)
  io.restassured.filter.time.TimingFilter.filter(TimingFilter.java:56)
  io.restassured.filter.Filter$filter.call(Unknown Source)
  org.codehaus.groovy.runtime.callsite.CallSiteArray.defaultCall(CallSiteArray.java:47)
  org.codehaus.groovy.runtime.callsite.AbstractCallSite.call(AbstractCallSite.java:125)
  org.codehaus.groovy.runtime.callsite.AbstractCallSite.call(AbstractCallSite.java:157)
  io.restassured.internal.filter.FilterContextImpl.next(FilterContextImpl.groovy:72)
  io.restassured.filter.FilterContext$next.call(Unknown Source)
  org.codehaus.groovy.runtime.callsite.CallSiteArray.defaultCall(CallSiteArray.java:47)
  org.codehaus.groovy.runtime.callsite.AbstractCallSite.call(AbstractCallSite.java:125)
  org.codehaus.groovy.runtime.callsite.AbstractCallSite.call(AbstractCallSite.java:148)
  io.restassured.internal.RequestSpecificationImpl.applyPathParamsAndSendRequest(RequestSpecificationImpl.groovy:1686)
  java.base/jdk.internal.reflect.NativeMethodAccessorImpl.invoke0(Native Method)
  java.base/jdk.internal.reflect.NativeMethodAccessorImpl.invoke(NativeMethodAccessorImpl.java:77)
  java.base/jdk.internal.reflect.DelegatingMethodAccessorImpl.invoke(DelegatingMethodAccessorImpl.java:43)
  java.base/java.lang.reflect.Method.invoke(Method.java:568)
  org.codehaus.groovy.reflection.CachedMethod.invoke(CachedMethod.java:107)
  groovy.lang.MetaMethod.doMethodInvoke(MetaMethod.java:323)
  groovy.lang.MetaClassImpl.invokeMethod(MetaClassImpl.java:1268)
  groovy.lang.MetaClassImpl.invokeMethod(MetaClassImpl.java:1035)
  groovy.lang.MetaClassImpl.invokeMethod(MetaClassImpl.java:819)
  groovy.lang.GroovyObject.invokeMethod(GroovyObject.java:39)
  org.codehaus.groovy.runtime.callsite.PogoInterceptableSite.call(PogoInterceptableSite.java:45)
  org.codehaus.groovy.runtime.callsite.PogoInterceptableSite.callCurrent(PogoInterceptableSite.java:55)
  org.codehaus.groovy.runtime.callsite.CallSiteArray.defaultCallCurrent(CallSiteArray.java:51)
  org.codehaus.groovy.runtime.callsite.AbstractCallSite.callCurrent(AbstractCallSite.java:171)
  org.codehaus.groovy.runtime.callsite.AbstractCallSite.callCurrent(AbstractCallSite.java:203)
  io.restassured.internal.RequestSpecificationImpl.applyPathParamsAndSendRequest(RequestSpecificationImpl.groovy:1692)
  java.base/jdk.internal.reflect.NativeMethodAccessorImpl.invoke0(Native Method)
  java.base/jdk.internal.reflect.NativeMethodAccessorImpl.invoke(NativeMethodAccessorImpl.java:77)
  java.base/jdk.internal.reflect.DelegatingMethodAccessorImpl.invoke(DelegatingMethodAccessorImpl.java:43)
  java.base/java.lang.reflect.Method.invoke(Method.java:568)
  org.codehaus.groovy.reflection.CachedMethod.invoke(CachedMethod.java:107)
  groovy.lang.MetaMethod.doMethodInvoke(MetaMethod.java:323)
  groovy.lang.MetaClassImpl.invokeMethod(MetaClassImpl.java:1268)
  groovy.lang.MetaClassImpl.invokeMethod(MetaClassImpl.java:1035)
  groovy.lang.MetaClassImpl.invokeMethod(MetaClassImpl.java:819)
  groovy.lang.GroovyObject.invokeMethod(GroovyObject.java:39)
  org.codehaus.groovy.runtime.callsite.PogoInterceptableSite.call(PogoInterceptableSite.java:45)
  org.codehaus.groovy.runtime.callsite.PogoInterceptableSite.callCurrent(PogoInterceptableSite.java:55)
  org.codehaus.groovy.runtime.callsite.CallSiteArray.defaultCallCurrent(CallSiteArray.java:51)
  org.codehaus.groovy.runtime.callsite.AbstractCallSite.callCurrent(AbstractCallSite.java:171)
  org.codehaus.groovy.runtime.callsite.AbstractCallSite.callCurrent(AbstractCallSite.java:203)
  io.restassured.internal.RequestSpecificationImpl.get(RequestSpecificationImpl.groovy:176)
  io.restassured.internal.RequestSpecificationImpl.get(RequestSpecificationImpl.groovy)
  com.codeOfCritical.BDD.DeleteCustomer.DeleteSingleCustomer(DeleteCustomer.java:15)
  java.base/jdk.internal.reflect.NativeMethodAccessorImpl.invoke0(Native Method)
  java.base/jdk.internal.reflect.NativeMethodAccessorImpl.invoke(NativeMethodAccessorImpl.java:77)
  java.base/jdk.internal.reflect.DelegatingMethodAccessorImpl.invoke(DelegatingMethodAccessorImpl.java:43)
  java.base/java.lang.reflect.Method.invoke(Method.java:568)
  org.testng.internal.MethodInvocationHelper.invokeMethod(MethodInvocationHelper.java:133)
  org.testng.internal.TestInvoker.invokeMethod(TestInvoker.java:598)
  org.testng.internal.TestInvoker.invokeTestMethod(TestInvoker.java:173)
  org.testng.internal.MethodRunner.runInSequence(MethodRunner.java:46)
  org.testng.internal.TestInvoker$MethodInvocationAgent.invoke(TestInvoker.java:824)
  org.testng.internal.TestInvoker.invokeTestMethods(TestInvoker.java:146)
  org.testng.internal.TestMethodWorker.invokeTestMethods(TestMethodWorker.java:146)
  org.testng.internal.TestMethodWorker.run(TestMethodWorker.java:128)
  java.base/java.util.ArrayList.forEach(ArrayList.java:1511)
  org.testng.TestRunner.privateRun(TestRunner.java:794)
  org.testng.TestRunner.run(TestRunner.java:596)
  org.testng.SuiteRunner.runTest(SuiteRunner.java:377)
  org.testng.SuiteRunner.runSequentially(SuiteRunner.java:371)
  org.testng.SuiteRunner.privateRun(SuiteRunner.java:332)
  org.testng.SuiteRunner.run(SuiteRunner.java:276)
  org.testng.SuiteRunnerWorker.runSuite(SuiteRunnerWorker.java:53)
  org.testng.SuiteRunnerWorker.run(SuiteRunnerWorker.java:96)
  org.testng.TestNG.runSuitesSequentially(TestNG.java:1212)
  org.testng.TestNG.runSuitesLocally(TestNG.java:1134)
  org.testng.TestNG.runSuites(TestNG.java:1063)
  org.testng.TestNG.run(TestNG.java:1031)
  org.testng.remote.AbstractRemoteTestNG.run(AbstractRemoteTestNG.java:115)
  org.testng.remote.RemoteTestNG.initAndRun(RemoteTestNG.java:251)
  org.testng.remote.RemoteTestNG.main(RemoteTestNG.java:77)
]]>
        </failure>

    </testcase>


</testsuite>
